{"D:\\Work\\AM\\Projects\\fabric-whiteboard\\src\\index.js": {"path":"D:\\Work\\AM\\Projects\\fabric-whiteboard\\src\\index.js","statementMap":{"0":{"start":{"line":26,"column":4},"end":{"line":26,"column":16}},"1":{"start":{"line":28,"column":4},"end":{"line":28,"column":26}},"2":{"start":{"line":29,"column":4},"end":{"line":29,"column":28}},"3":{"start":{"line":33,"column":4},"end":{"line":36,"column":5}},"4":{"start":{"line":64,"column":8},"end":{"line":64,"column":18}},"5":{"start":{"line":66,"column":4},"end":{"line":106,"column":37}},"6":{"start":{"line":67,"column":6},"end":{"line":105,"column":7}},"7":{"start":{"line":71,"column":14},"end":{"line":71,"column":30}},"8":{"start":{"line":90,"column":14},"end":{"line":90,"column":32}},"9":{"start":{"line":106,"column":11},"end":{"line":106,"column":37}},"10":{"start":{"line":110,"column":0},"end":{"line":134,"column":1}},"11":{"start":{"line":136,"column":0},"end":{"line":167,"column":1}}},"fnMap":{"0":{"name":"(anonymous_0)","decl":{"start":{"line":25,"column":2},"end":{"line":25,"column":3}},"loc":{"start":{"line":25,"column":21},"end":{"line":30,"column":3}},"line":25},"1":{"name":"(anonymous_1)","decl":{"start":{"line":32,"column":2},"end":{"line":32,"column":3}},"loc":{"start":{"line":32,"column":22},"end":{"line":37,"column":3}},"line":32},"2":{"name":"(anonymous_2)","decl":{"start":{"line":39,"column":2},"end":{"line":39,"column":3}},"loc":{"start":{"line":39,"column":11},"end":{"line":107,"column":3}},"line":39},"3":{"name":"(anonymous_3)","decl":{"start":{"line":70,"column":17},"end":{"line":70,"column":18}},"loc":{"start":{"line":70,"column":26},"end":{"line":72,"column":13}},"line":70},"4":{"name":"(anonymous_4)","decl":{"start":{"line":89,"column":17},"end":{"line":89,"column":18}},"loc":{"start":{"line":89,"column":26},"end":{"line":91,"column":13}},"line":89},"5":{"name":"(anonymous_5)","decl":{"start":{"line":158,"column":15},"end":{"line":158,"column":16}},"loc":{"start":{"line":158,"column":21},"end":{"line":158,"column":23}},"line":158},"6":{"name":"(anonymous_6)","decl":{"start":{"line":159,"column":22},"end":{"line":159,"column":23}},"loc":{"start":{"line":159,"column":28},"end":{"line":159,"column":30}},"line":159},"7":{"name":"(anonymous_7)","decl":{"start":{"line":160,"column":26},"end":{"line":160,"column":27}},"loc":{"start":{"line":160,"column":32},"end":{"line":160,"column":34}},"line":160},"8":{"name":"(anonymous_8)","decl":{"start":{"line":161,"column":17},"end":{"line":161,"column":18}},"loc":{"start":{"line":161,"column":27},"end":{"line":161,"column":29}},"line":161},"9":{"name":"(anonymous_9)","decl":{"start":{"line":162,"column":21},"end":{"line":162,"column":22}},"loc":{"start":{"line":162,"column":27},"end":{"line":162,"column":29}},"line":162},"10":{"name":"(anonymous_10)","decl":{"start":{"line":163,"column":20},"end":{"line":163,"column":21}},"loc":{"start":{"line":163,"column":26},"end":{"line":163,"column":28}},"line":163},"11":{"name":"(anonymous_11)","decl":{"start":{"line":164,"column":22},"end":{"line":164,"column":23}},"loc":{"start":{"line":164,"column":28},"end":{"line":164,"column":30}},"line":164},"12":{"name":"(anonymous_12)","decl":{"start":{"line":165,"column":22},"end":{"line":165,"column":23}},"loc":{"start":{"line":165,"column":28},"end":{"line":165,"column":30}},"line":165},"13":{"name":"(anonymous_13)","decl":{"start":{"line":166,"column":22},"end":{"line":166,"column":23}},"loc":{"start":{"line":166,"column":28},"end":{"line":166,"column":30}},"line":166}},"branchMap":{"0":{"loc":{"start":{"line":66,"column":4},"end":{"line":106,"column":37}},"type":"if","locations":[{"start":{"line":66,"column":4},"end":{"line":106,"column":37}},{"start":{"line":66,"column":4},"end":{"line":106,"column":37}}],"line":66}},"s":{"0":1,"1":1,"2":1,"3":1,"4":1,"5":1,"6":1,"7":0,"8":0,"9":0,"10":1,"11":1},"f":{"0":1,"1":1,"2":1,"3":0,"4":0,"5":0,"6":0,"7":0,"8":0,"9":0,"10":0,"11":0,"12":0,"13":0},"b":{"0":[1,0]},"_coverageSchema":"1a1c01bbd47fc00a2c39e90264f33305004495a9","hash":"d9c55b55242845564850241d31c87136f7aee899"}
,"D:\\Work\\AM\\Projects\\fabric-whiteboard\\src\\board\\index.js": {"path":"D:\\Work\\AM\\Projects\\fabric-whiteboard\\src\\board\\index.js","statementMap":{"0":{"start":{"line":13,"column":4},"end":{"line":13,"column":16}},"1":{"start":{"line":15,"column":4},"end":{"line":23,"column":5}},"2":{"start":{"line":25,"column":4},"end":{"line":25,"column":28}},"3":{"start":{"line":26,"column":4},"end":{"line":26,"column":44}},"4":{"start":{"line":27,"column":4},"end":{"line":27,"column":70}},"5":{"start":{"line":28,"column":4},"end":{"line":28,"column":66}},"6":{"start":{"line":29,"column":4},"end":{"line":29,"column":70}},"7":{"start":{"line":30,"column":4},"end":{"line":30,"column":74}},"8":{"start":{"line":31,"column":4},"end":{"line":33,"column":5}},"9":{"start":{"line":34,"column":4},"end":{"line":36,"column":5}},"10":{"start":{"line":37,"column":4},"end":{"line":39,"column":5}},"11":{"start":{"line":40,"column":4},"end":{"line":42,"column":5}},"12":{"start":{"line":44,"column":4},"end":{"line":44,"column":66}},"13":{"start":{"line":48,"column":15},"end":{"line":48,"column":54}},"14":{"start":{"line":49,"column":4},"end":{"line":51,"column":6}},"15":{"start":{"line":55,"column":25},"end":{"line":55,"column":35}},"16":{"start":{"line":56,"column":58},"end":{"line":56,"column":68}},"17":{"start":{"line":58,"column":4},"end":{"line":63,"column":6}},"18":{"start":{"line":65,"column":4},"end":{"line":65,"column":57}},"19":{"start":{"line":66,"column":4},"end":{"line":66,"column":61}},"20":{"start":{"line":67,"column":4},"end":{"line":67,"column":66}},"21":{"start":{"line":68,"column":4},"end":{"line":68,"column":62}},"22":{"start":{"line":69,"column":4},"end":{"line":69,"column":66}},"23":{"start":{"line":70,"column":4},"end":{"line":70,"column":70}},"24":{"start":{"line":71,"column":4},"end":{"line":71,"column":80}},"25":{"start":{"line":72,"column":4},"end":{"line":72,"column":80}},"26":{"start":{"line":73,"column":4},"end":{"line":73,"column":80}},"27":{"start":{"line":74,"column":4},"end":{"line":74,"column":77}},"28":{"start":{"line":76,"column":4},"end":{"line":76,"column":58}},"29":{"start":{"line":78,"column":4},"end":{"line":80,"column":5}},"30":{"start":{"line":88,"column":4},"end":{"line":131,"column":5}},"31":{"start":{"line":92,"column":29},"end":{"line":92,"column":39}},"32":{"start":{"line":93,"column":6},"end":{"line":96,"column":7}},"33":{"start":{"line":94,"column":8},"end":{"line":94,"column":32}},"34":{"start":{"line":95,"column":8},"end":{"line":95,"column":48}},"35":{"start":{"line":98,"column":6},"end":{"line":130,"column":7}},"36":{"start":{"line":99,"column":8},"end":{"line":99,"column":47}},"37":{"start":{"line":100,"column":8},"end":{"line":100,"column":47}},"38":{"start":{"line":101,"column":8},"end":{"line":101,"column":44}},"39":{"start":{"line":102,"column":8},"end":{"line":102,"column":43}},"40":{"start":{"line":104,"column":8},"end":{"line":129,"column":9}},"41":{"start":{"line":106,"column":12},"end":{"line":106,"column":51}},"42":{"start":{"line":107,"column":12},"end":{"line":107,"column":52}},"43":{"start":{"line":108,"column":12},"end":{"line":108,"column":47}},"44":{"start":{"line":109,"column":12},"end":{"line":109,"column":46}},"45":{"start":{"line":110,"column":12},"end":{"line":110,"column":17}},"46":{"start":{"line":112,"column":12},"end":{"line":112,"column":50}},"47":{"start":{"line":113,"column":12},"end":{"line":113,"column":51}},"48":{"start":{"line":114,"column":12},"end":{"line":114,"column":48}},"49":{"start":{"line":115,"column":12},"end":{"line":115,"column":47}},"50":{"start":{"line":116,"column":12},"end":{"line":116,"column":17}},"51":{"start":{"line":118,"column":12},"end":{"line":118,"column":51}},"52":{"start":{"line":119,"column":12},"end":{"line":119,"column":52}},"53":{"start":{"line":120,"column":12},"end":{"line":120,"column":47}},"54":{"start":{"line":121,"column":12},"end":{"line":121,"column":46}},"55":{"start":{"line":122,"column":12},"end":{"line":122,"column":17}},"56":{"start":{"line":124,"column":12},"end":{"line":124,"column":51}},"57":{"start":{"line":125,"column":12},"end":{"line":125,"column":51}},"58":{"start":{"line":126,"column":12},"end":{"line":126,"column":48}},"59":{"start":{"line":127,"column":12},"end":{"line":127,"column":47}},"60":{"start":{"line":128,"column":12},"end":{"line":128,"column":17}},"61":{"start":{"line":133,"column":4},"end":{"line":137,"column":5}},"62":{"start":{"line":134,"column":6},"end":{"line":136,"column":7}},"63":{"start":{"line":139,"column":4},"end":{"line":143,"column":5}},"64":{"start":{"line":140,"column":6},"end":{"line":142,"column":7}},"65":{"start":{"line":145,"column":4},"end":{"line":149,"column":5}},"66":{"start":{"line":146,"column":6},"end":{"line":148,"column":7}},"67":{"start":{"line":147,"column":8},"end":{"line":147,"column":71}},"68":{"start":{"line":151,"column":4},"end":{"line":155,"column":5}},"69":{"start":{"line":152,"column":6},"end":{"line":154,"column":7}},"70":{"start":{"line":153,"column":8},"end":{"line":153,"column":75}},"71":{"start":{"line":159,"column":25},"end":{"line":159,"column":35}},"72":{"start":{"line":160,"column":48},"end":{"line":160,"column":58}},"73":{"start":{"line":162,"column":4},"end":{"line":162,"column":45}},"74":{"start":{"line":162,"column":27},"end":{"line":162,"column":45}},"75":{"start":{"line":164,"column":4},"end":{"line":182,"column":5}},"76":{"start":{"line":186,"column":4},"end":{"line":186,"column":61}},"77":{"start":{"line":190,"column":24},"end":{"line":190,"column":34}},"78":{"start":{"line":191,"column":4},"end":{"line":191,"column":33}},"79":{"start":{"line":191,"column":27},"end":{"line":191,"column":33}},"80":{"start":{"line":192,"column":4},"end":{"line":207,"column":5}},"81":{"start":{"line":205,"column":8},"end":{"line":205,"column":66}},"82":{"start":{"line":205,"column":40},"end":{"line":205,"column":66}},"83":{"start":{"line":211,"column":36},"end":{"line":211,"column":46}},"84":{"start":{"line":212,"column":29},"end":{"line":212,"column":39}},"85":{"start":{"line":214,"column":4},"end":{"line":219,"column":5}},"86":{"start":{"line":215,"column":6},"end":{"line":215,"column":39}},"87":{"start":{"line":216,"column":6},"end":{"line":218,"column":7}},"88":{"start":{"line":221,"column":4},"end":{"line":229,"column":6}},"89":{"start":{"line":233,"column":4},"end":{"line":242,"column":5}},"90":{"start":{"line":246,"column":30},"end":{"line":246,"column":40}},"91":{"start":{"line":248,"column":4},"end":{"line":248,"column":31}},"92":{"start":{"line":249,"column":4},"end":{"line":249,"column":78}},"93":{"start":{"line":253,"column":68},"end":{"line":253,"column":78}},"94":{"start":{"line":254,"column":4},"end":{"line":254,"column":33}},"95":{"start":{"line":254,"column":27},"end":{"line":254,"column":33}},"96":{"start":{"line":256,"column":24},"end":{"line":256,"column":26}},"97":{"start":{"line":257,"column":4},"end":{"line":262,"column":5}},"98":{"start":{"line":258,"column":6},"end":{"line":261,"column":8}},"99":{"start":{"line":259,"column":8},"end":{"line":259,"column":32}},"100":{"start":{"line":260,"column":8},"end":{"line":260,"column":60}},"101":{"start":{"line":260,"column":31},"end":{"line":260,"column":60}},"102":{"start":{"line":264,"column":4},"end":{"line":269,"column":5}},"103":{"start":{"line":265,"column":6},"end":{"line":265,"column":51}},"104":{"start":{"line":267,"column":6},"end":{"line":267,"column":45}},"105":{"start":{"line":268,"column":6},"end":{"line":268,"column":12}},"106":{"start":{"line":271,"column":4},"end":{"line":271,"column":51}},"107":{"start":{"line":275,"column":41},"end":{"line":275,"column":51}},"108":{"start":{"line":277,"column":26},"end":{"line":277,"column":28}},"109":{"start":{"line":278,"column":24},"end":{"line":278,"column":26}},"110":{"start":{"line":279,"column":4},"end":{"line":283,"column":5}},"111":{"start":{"line":280,"column":6},"end":{"line":282,"column":8}},"112":{"start":{"line":281,"column":8},"end":{"line":281,"column":34}},"113":{"start":{"line":285,"column":4},"end":{"line":289,"column":5}},"114":{"start":{"line":286,"column":6},"end":{"line":288,"column":8}},"115":{"start":{"line":287,"column":8},"end":{"line":287,"column":32}},"116":{"start":{"line":291,"column":4},"end":{"line":296,"column":5}},"117":{"start":{"line":300,"column":35},"end":{"line":300,"column":45}},"118":{"start":{"line":302,"column":26},"end":{"line":302,"column":28}},"119":{"start":{"line":304,"column":4},"end":{"line":308,"column":5}},"120":{"start":{"line":305,"column":6},"end":{"line":307,"column":8}},"121":{"start":{"line":306,"column":8},"end":{"line":306,"column":34}},"122":{"start":{"line":310,"column":4},"end":{"line":310,"column":53}},"123":{"start":{"line":314,"column":34},"end":{"line":314,"column":44}},"124":{"start":{"line":316,"column":4},"end":{"line":316,"column":25}},"125":{"start":{"line":316,"column":19},"end":{"line":316,"column":25}},"126":{"start":{"line":318,"column":20},"end":{"line":318,"column":56}},"127":{"start":{"line":319,"column":24},"end":{"line":319,"column":26}},"128":{"start":{"line":320,"column":4},"end":{"line":324,"column":5}},"129":{"start":{"line":321,"column":6},"end":{"line":323,"column":8}},"130":{"start":{"line":322,"column":8},"end":{"line":322,"column":32}},"131":{"start":{"line":326,"column":4},"end":{"line":333,"column":5}},"132":{"start":{"line":344,"column":8},"end":{"line":344,"column":18}},"133":{"start":{"line":351,"column":8},"end":{"line":351,"column":18}},"134":{"start":{"line":352,"column":4},"end":{"line":352,"column":53}},"135":{"start":{"line":352,"column":47},"end":{"line":352,"column":53}},"136":{"start":{"line":354,"column":20},"end":{"line":354,"column":29}},"137":{"start":{"line":355,"column":18},"end":{"line":355,"column":27}},"138":{"start":{"line":357,"column":4},"end":{"line":357,"column":74}},"139":{"start":{"line":357,"column":36},"end":{"line":357,"column":74}},"140":{"start":{"line":358,"column":4},"end":{"line":358,"column":58}},"141":{"start":{"line":358,"column":34},"end":{"line":358,"column":58}},"142":{"start":{"line":360,"column":4},"end":{"line":452,"column":5}},"143":{"start":{"line":366,"column":8},"end":{"line":441,"column":9}},"144":{"start":{"line":368,"column":12},"end":{"line":373,"column":13}},"145":{"start":{"line":374,"column":12},"end":{"line":374,"column":17}},"146":{"start":{"line":376,"column":12},"end":{"line":381,"column":13}},"147":{"start":{"line":382,"column":12},"end":{"line":382,"column":17}},"148":{"start":{"line":384,"column":12},"end":{"line":390,"column":13}},"149":{"start":{"line":391,"column":12},"end":{"line":391,"column":17}},"150":{"start":{"line":393,"column":12},"end":{"line":393,"column":68}},"151":{"start":{"line":394,"column":12},"end":{"line":394,"column":40}},"152":{"start":{"line":395,"column":12},"end":{"line":401,"column":14}},"153":{"start":{"line":396,"column":14},"end":{"line":400,"column":54}},"154":{"start":{"line":397,"column":16},"end":{"line":399,"column":17}},"155":{"start":{"line":400,"column":21},"end":{"line":400,"column":54}},"156":{"start":{"line":402,"column":12},"end":{"line":402,"column":42}},"157":{"start":{"line":403,"column":12},"end":{"line":403,"column":34}},"158":{"start":{"line":404,"column":12},"end":{"line":404,"column":42}},"159":{"start":{"line":405,"column":12},"end":{"line":405,"column":17}},"160":{"start":{"line":407,"column":12},"end":{"line":412,"column":13}},"161":{"start":{"line":413,"column":12},"end":{"line":413,"column":17}},"162":{"start":{"line":415,"column":12},"end":{"line":421,"column":13}},"163":{"start":{"line":422,"column":12},"end":{"line":422,"column":17}},"164":{"start":{"line":424,"column":12},"end":{"line":429,"column":13}},"165":{"start":{"line":430,"column":12},"end":{"line":430,"column":17}},"166":{"start":{"line":432,"column":12},"end":{"line":437,"column":13}},"167":{"start":{"line":438,"column":12},"end":{"line":438,"column":17}},"168":{"start":{"line":440,"column":12},"end":{"line":440,"column":17}},"169":{"start":{"line":443,"column":8},"end":{"line":445,"column":9}},"170":{"start":{"line":444,"column":10},"end":{"line":444,"column":42}},"171":{"start":{"line":447,"column":8},"end":{"line":450,"column":10}},"172":{"start":{"line":456,"column":0},"end":{"line":471,"column":1}}},"fnMap":{"0":{"name":"(anonymous_0)","decl":{"start":{"line":12,"column":2},"end":{"line":12,"column":3}},"loc":{"start":{"line":12,"column":21},"end":{"line":45,"column":3}},"line":12},"1":{"name":"(anonymous_1)","decl":{"start":{"line":47,"column":2},"end":{"line":47,"column":3}},"loc":{"start":{"line":47,"column":30},"end":{"line":52,"column":3}},"line":47},"2":{"name":"(anonymous_2)","decl":{"start":{"line":54,"column":2},"end":{"line":54,"column":3}},"loc":{"start":{"line":54,"column":22},"end":{"line":81,"column":3}},"line":54},"3":{"name":"(anonymous_3)","decl":{"start":{"line":83,"column":2},"end":{"line":83,"column":3}},"loc":{"start":{"line":83,"column":46},"end":{"line":156,"column":3}},"line":83},"4":{"name":"(anonymous_4)","decl":{"start":{"line":158,"column":2},"end":{"line":158,"column":3}},"loc":{"start":{"line":158,"column":11},"end":{"line":183,"column":3}},"line":158},"5":{"name":"(anonymous_5)","decl":{"start":{"line":185,"column":2},"end":{"line":185,"column":3}},"loc":{"start":{"line":185,"column":16},"end":{"line":187,"column":3}},"line":185},"6":{"name":"(anonymous_6)","decl":{"start":{"line":189,"column":2},"end":{"line":189,"column":3}},"loc":{"start":{"line":189,"column":33},"end":{"line":208,"column":3}},"line":189},"7":{"name":"(anonymous_7)","decl":{"start":{"line":204,"column":6},"end":{"line":204,"column":7}},"loc":{"start":{"line":204,"column":12},"end":{"line":206,"column":7}},"line":204},"8":{"name":"(anonymous_8)","decl":{"start":{"line":210,"column":2},"end":{"line":210,"column":3}},"loc":{"start":{"line":210,"column":31},"end":{"line":230,"column":3}},"line":210},"9":{"name":"(anonymous_9)","decl":{"start":{"line":232,"column":2},"end":{"line":232,"column":3}},"loc":{"start":{"line":232,"column":33},"end":{"line":243,"column":3}},"line":232},"10":{"name":"(anonymous_10)","decl":{"start":{"line":245,"column":2},"end":{"line":245,"column":3}},"loc":{"start":{"line":245,"column":29},"end":{"line":250,"column":3}},"line":245},"11":{"name":"(anonymous_11)","decl":{"start":{"line":252,"column":2},"end":{"line":252,"column":3}},"loc":{"start":{"line":252,"column":34},"end":{"line":272,"column":3}},"line":252},"12":{"name":"(anonymous_12)","decl":{"start":{"line":258,"column":25},"end":{"line":258,"column":26}},"loc":{"start":{"line":258,"column":34},"end":{"line":261,"column":7}},"line":258},"13":{"name":"(anonymous_13)","decl":{"start":{"line":274,"column":2},"end":{"line":274,"column":3}},"loc":{"start":{"line":274,"column":34},"end":{"line":297,"column":3}},"line":274},"14":{"name":"(anonymous_14)","decl":{"start":{"line":280,"column":27},"end":{"line":280,"column":28}},"loc":{"start":{"line":280,"column":36},"end":{"line":282,"column":7}},"line":280},"15":{"name":"(anonymous_15)","decl":{"start":{"line":286,"column":25},"end":{"line":286,"column":26}},"loc":{"start":{"line":286,"column":34},"end":{"line":288,"column":7}},"line":286},"16":{"name":"(anonymous_16)","decl":{"start":{"line":299,"column":2},"end":{"line":299,"column":3}},"loc":{"start":{"line":299,"column":34},"end":{"line":311,"column":3}},"line":299},"17":{"name":"(anonymous_17)","decl":{"start":{"line":305,"column":27},"end":{"line":305,"column":28}},"loc":{"start":{"line":305,"column":36},"end":{"line":307,"column":7}},"line":305},"18":{"name":"(anonymous_18)","decl":{"start":{"line":313,"column":2},"end":{"line":313,"column":3}},"loc":{"start":{"line":313,"column":33},"end":{"line":334,"column":3}},"line":313},"19":{"name":"(anonymous_19)","decl":{"start":{"line":321,"column":22},"end":{"line":321,"column":23}},"loc":{"start":{"line":321,"column":31},"end":{"line":323,"column":7}},"line":321},"20":{"name":"(anonymous_20)","decl":{"start":{"line":336,"column":2},"end":{"line":336,"column":3}},"loc":{"start":{"line":336,"column":24},"end":{"line":453,"column":3}},"line":336},"21":{"name":"(anonymous_21)","decl":{"start":{"line":365,"column":6},"end":{"line":365,"column":7}},"loc":{"start":{"line":365,"column":12},"end":{"line":451,"column":7}},"line":365},"22":{"name":"(anonymous_22)","decl":{"start":{"line":395,"column":41},"end":{"line":395,"column":42}},"loc":{"start":{"line":395,"column":48},"end":{"line":401,"column":13}},"line":395}},"branchMap":{"0":{"loc":{"start":{"line":76,"column":29},"end":{"line":76,"column":58}},"type":"cond-expr","locations":[{"start":{"line":76,"column":43},"end":{"line":76,"column":54}},{"start":{"line":76,"column":57},"end":{"line":76,"column":58}}],"line":76},"1":{"loc":{"start":{"line":88,"column":4},"end":{"line":131,"column":5}},"type":"if","locations":[{"start":{"line":88,"column":4},"end":{"line":131,"column":5}},{"start":{"line":88,"column":4},"end":{"line":131,"column":5}}],"line":88},"2":{"loc":{"start":{"line":89,"column":6},"end":{"line":90,"column":46}},"type":"binary-expr","locations":[{"start":{"line":89,"column":6},"end":{"line":89,"column":40}},{"start":{"line":90,"column":6},"end":{"line":90,"column":46}}],"line":89},"3":{"loc":{"start":{"line":93,"column":6},"end":{"line":96,"column":7}},"type":"if","locations":[{"start":{"line":93,"column":6},"end":{"line":96,"column":7}},{"start":{"line":93,"column":6},"end":{"line":96,"column":7}}],"line":93},"4":{"loc":{"start":{"line":98,"column":6},"end":{"line":130,"column":7}},"type":"if","locations":[{"start":{"line":98,"column":6},"end":{"line":130,"column":7}},{"start":{"line":98,"column":6},"end":{"line":130,"column":7}}],"line":98},"5":{"loc":{"start":{"line":104,"column":8},"end":{"line":129,"column":9}},"type":"switch","locations":[{"start":{"line":105,"column":10},"end":{"line":110,"column":17}},{"start":{"line":111,"column":10},"end":{"line":116,"column":17}},{"start":{"line":117,"column":10},"end":{"line":122,"column":17}},{"start":{"line":123,"column":10},"end":{"line":128,"column":17}}],"line":104},"6":{"loc":{"start":{"line":133,"column":4},"end":{"line":137,"column":5}},"type":"if","locations":[{"start":{"line":133,"column":4},"end":{"line":137,"column":5}},{"start":{"line":133,"column":4},"end":{"line":137,"column":5}}],"line":133},"7":{"loc":{"start":{"line":134,"column":6},"end":{"line":136,"column":7}},"type":"if","locations":[{"start":{"line":134,"column":6},"end":{"line":136,"column":7}},{"start":{"line":134,"column":6},"end":{"line":136,"column":7}}],"line":134},"8":{"loc":{"start":{"line":139,"column":4},"end":{"line":143,"column":5}},"type":"if","locations":[{"start":{"line":139,"column":4},"end":{"line":143,"column":5}},{"start":{"line":139,"column":4},"end":{"line":143,"column":5}}],"line":139},"9":{"loc":{"start":{"line":140,"column":6},"end":{"line":142,"column":7}},"type":"if","locations":[{"start":{"line":140,"column":6},"end":{"line":142,"column":7}},{"start":{"line":140,"column":6},"end":{"line":142,"column":7}}],"line":140},"10":{"loc":{"start":{"line":145,"column":4},"end":{"line":149,"column":5}},"type":"if","locations":[{"start":{"line":145,"column":4},"end":{"line":149,"column":5}},{"start":{"line":145,"column":4},"end":{"line":149,"column":5}}],"line":145},"11":{"loc":{"start":{"line":146,"column":6},"end":{"line":148,"column":7}},"type":"if","locations":[{"start":{"line":146,"column":6},"end":{"line":148,"column":7}},{"start":{"line":146,"column":6},"end":{"line":148,"column":7}}],"line":146},"12":{"loc":{"start":{"line":151,"column":4},"end":{"line":155,"column":5}},"type":"if","locations":[{"start":{"line":151,"column":4},"end":{"line":155,"column":5}},{"start":{"line":151,"column":4},"end":{"line":155,"column":5}}],"line":151},"13":{"loc":{"start":{"line":152,"column":6},"end":{"line":154,"column":7}},"type":"if","locations":[{"start":{"line":152,"column":6},"end":{"line":154,"column":7}},{"start":{"line":152,"column":6},"end":{"line":154,"column":7}}],"line":152},"14":{"loc":{"start":{"line":162,"column":4},"end":{"line":162,"column":45}},"type":"if","locations":[{"start":{"line":162,"column":4},"end":{"line":162,"column":45}},{"start":{"line":162,"column":4},"end":{"line":162,"column":45}}],"line":162},"15":{"loc":{"start":{"line":173,"column":9},"end":{"line":180,"column":9}},"type":"cond-expr","locations":[{"start":{"line":174,"column":10},"end":{"line":177,"column":12}},{"start":{"line":179,"column":10},"end":{"line":179,"column":17}}],"line":173},"16":{"loc":{"start":{"line":191,"column":4},"end":{"line":191,"column":33}},"type":"if","locations":[{"start":{"line":191,"column":4},"end":{"line":191,"column":33}},{"start":{"line":191,"column":4},"end":{"line":191,"column":33}}],"line":191},"17":{"loc":{"start":{"line":205,"column":8},"end":{"line":205,"column":66}},"type":"if","locations":[{"start":{"line":205,"column":8},"end":{"line":205,"column":66}},{"start":{"line":205,"column":8},"end":{"line":205,"column":66}}],"line":205},"18":{"loc":{"start":{"line":214,"column":4},"end":{"line":219,"column":5}},"type":"if","locations":[{"start":{"line":214,"column":4},"end":{"line":219,"column":5}},{"start":{"line":214,"column":4},"end":{"line":219,"column":5}}],"line":214},"19":{"loc":{"start":{"line":214,"column":8},"end":{"line":214,"column":53}},"type":"binary-expr","locations":[{"start":{"line":214,"column":8},"end":{"line":214,"column":23}},{"start":{"line":214,"column":27},"end":{"line":214,"column":53}}],"line":214},"20":{"loc":{"start":{"line":254,"column":4},"end":{"line":254,"column":33}},"type":"if","locations":[{"start":{"line":254,"column":4},"end":{"line":254,"column":33}},{"start":{"line":254,"column":4},"end":{"line":254,"column":33}}],"line":254},"21":{"loc":{"start":{"line":257,"column":4},"end":{"line":262,"column":5}},"type":"if","locations":[{"start":{"line":257,"column":4},"end":{"line":262,"column":5}},{"start":{"line":257,"column":4},"end":{"line":262,"column":5}}],"line":257},"22":{"loc":{"start":{"line":260,"column":8},"end":{"line":260,"column":60}},"type":"if","locations":[{"start":{"line":260,"column":8},"end":{"line":260,"column":60}},{"start":{"line":260,"column":8},"end":{"line":260,"column":60}}],"line":260},"23":{"loc":{"start":{"line":264,"column":4},"end":{"line":269,"column":5}},"type":"if","locations":[{"start":{"line":264,"column":4},"end":{"line":269,"column":5}},{"start":{"line":264,"column":4},"end":{"line":269,"column":5}}],"line":264},"24":{"loc":{"start":{"line":279,"column":4},"end":{"line":283,"column":5}},"type":"if","locations":[{"start":{"line":279,"column":4},"end":{"line":283,"column":5}},{"start":{"line":279,"column":4},"end":{"line":283,"column":5}}],"line":279},"25":{"loc":{"start":{"line":285,"column":4},"end":{"line":289,"column":5}},"type":"if","locations":[{"start":{"line":285,"column":4},"end":{"line":289,"column":5}},{"start":{"line":285,"column":4},"end":{"line":289,"column":5}}],"line":285},"26":{"loc":{"start":{"line":304,"column":4},"end":{"line":308,"column":5}},"type":"if","locations":[{"start":{"line":304,"column":4},"end":{"line":308,"column":5}},{"start":{"line":304,"column":4},"end":{"line":308,"column":5}}],"line":304},"27":{"loc":{"start":{"line":316,"column":4},"end":{"line":316,"column":25}},"type":"if","locations":[{"start":{"line":316,"column":4},"end":{"line":316,"column":25}},{"start":{"line":316,"column":4},"end":{"line":316,"column":25}}],"line":316},"28":{"loc":{"start":{"line":320,"column":4},"end":{"line":324,"column":5}},"type":"if","locations":[{"start":{"line":320,"column":4},"end":{"line":324,"column":5}},{"start":{"line":320,"column":4},"end":{"line":324,"column":5}}],"line":320},"29":{"loc":{"start":{"line":330,"column":22},"end":{"line":330,"column":71}},"type":"binary-expr","locations":[{"start":{"line":330,"column":22},"end":{"line":330,"column":42}},{"start":{"line":330,"column":46},"end":{"line":330,"column":71}}],"line":330},"30":{"loc":{"start":{"line":352,"column":4},"end":{"line":352,"column":53}},"type":"if","locations":[{"start":{"line":352,"column":4},"end":{"line":352,"column":53}},{"start":{"line":352,"column":4},"end":{"line":352,"column":53}}],"line":352},"31":{"loc":{"start":{"line":352,"column":8},"end":{"line":352,"column":45}},"type":"binary-expr","locations":[{"start":{"line":352,"column":8},"end":{"line":352,"column":27}},{"start":{"line":352,"column":31},"end":{"line":352,"column":45}}],"line":352},"32":{"loc":{"start":{"line":357,"column":4},"end":{"line":357,"column":74}},"type":"if","locations":[{"start":{"line":357,"column":4},"end":{"line":357,"column":74}},{"start":{"line":357,"column":4},"end":{"line":357,"column":74}}],"line":357},"33":{"loc":{"start":{"line":358,"column":4},"end":{"line":358,"column":58}},"type":"if","locations":[{"start":{"line":358,"column":4},"end":{"line":358,"column":58}},{"start":{"line":358,"column":4},"end":{"line":358,"column":58}}],"line":358},"34":{"loc":{"start":{"line":366,"column":8},"end":{"line":441,"column":9}},"type":"switch","locations":[{"start":{"line":367,"column":10},"end":{"line":374,"column":17}},{"start":{"line":375,"column":10},"end":{"line":382,"column":17}},{"start":{"line":383,"column":10},"end":{"line":391,"column":17}},{"start":{"line":392,"column":10},"end":{"line":405,"column":17}},{"start":{"line":406,"column":10},"end":{"line":413,"column":17}},{"start":{"line":414,"column":10},"end":{"line":422,"column":17}},{"start":{"line":423,"column":10},"end":{"line":430,"column":17}},{"start":{"line":431,"column":10},"end":{"line":438,"column":17}},{"start":{"line":439,"column":10},"end":{"line":440,"column":17}}],"line":366},"35":{"loc":{"start":{"line":396,"column":14},"end":{"line":400,"column":54}},"type":"if","locations":[{"start":{"line":396,"column":14},"end":{"line":400,"column":54}},{"start":{"line":396,"column":14},"end":{"line":400,"column":54}}],"line":396},"36":{"loc":{"start":{"line":443,"column":8},"end":{"line":445,"column":9}},"type":"if","locations":[{"start":{"line":443,"column":8},"end":{"line":445,"column":9}},{"start":{"line":443,"column":8},"end":{"line":445,"column":9}}],"line":443}},"s":{"0":0,"1":0,"2":0,"3":0,"4":0,"5":0,"6":0,"7":0,"8":0,"9":0,"10":0,"11":0,"12":0,"13":0,"14":0,"15":0,"16":0,"17":0,"18":0,"19":0,"20":0,"21":0,"22":0,"23":0,"24":0,"25":0,"26":0,"27":0,"28":0,"29":0,"30":0,"31":0,"32":0,"33":0,"34":0,"35":0,"36":0,"37":0,"38":0,"39":0,"40":0,"41":0,"42":0,"43":0,"44":0,"45":0,"46":0,"47":0,"48":0,"49":0,"50":0,"51":0,"52":0,"53":0,"54":0,"55":0,"56":0,"57":0,"58":0,"59":0,"60":0,"61":0,"62":0,"63":0,"64":0,"65":0,"66":0,"67":0,"68":0,"69":0,"70":0,"71":0,"72":0,"73":0,"74":0,"75":0,"76":0,"77":0,"78":0,"79":0,"80":0,"81":0,"82":0,"83":0,"84":0,"85":0,"86":0,"87":0,"88":0,"89":0,"90":0,"91":0,"92":0,"93":0,"94":0,"95":0,"96":0,"97":0,"98":0,"99":0,"100":0,"101":0,"102":0,"103":0,"104":0,"105":0,"106":0,"107":0,"108":0,"109":0,"110":0,"111":0,"112":0,"113":0,"114":0,"115":0,"116":0,"117":0,"118":0,"119":0,"120":0,"121":0,"122":0,"123":0,"124":0,"125":0,"126":0,"127":0,"128":0,"129":0,"130":0,"131":0,"132":0,"133":0,"134":0,"135":0,"136":0,"137":0,"138":0,"139":0,"140":0,"141":0,"142":0,"143":0,"144":0,"145":0,"146":0,"147":0,"148":0,"149":0,"150":0,"151":0,"152":0,"153":0,"154":0,"155":0,"156":0,"157":0,"158":0,"159":0,"160":0,"161":0,"162":0,"163":0,"164":0,"165":0,"166":0,"167":0,"168":0,"169":0,"170":0,"171":0,"172":1},"f":{"0":0,"1":0,"2":0,"3":0,"4":0,"5":0,"6":0,"7":0,"8":0,"9":0,"10":0,"11":0,"12":0,"13":0,"14":0,"15":0,"16":0,"17":0,"18":0,"19":0,"20":0,"21":0,"22":0},"b":{"0":[0,0],"1":[0,0],"2":[0,0],"3":[0,0],"4":[0,0],"5":[0,0,0,0],"6":[0,0],"7":[0,0],"8":[0,0],"9":[0,0],"10":[0,0],"11":[0,0],"12":[0,0],"13":[0,0],"14":[0,0],"15":[0,0],"16":[0,0],"17":[0,0],"18":[0,0],"19":[0,0],"20":[0,0],"21":[0,0],"22":[0,0],"23":[0,0],"24":[0,0],"25":[0,0],"26":[0,0],"27":[0,0],"28":[0,0],"29":[0,0],"30":[0,0],"31":[0,0],"32":[0,0],"33":[0,0],"34":[0,0,0,0,0,0,0,0,0],"35":[0,0],"36":[0,0]},"_coverageSchema":"1a1c01bbd47fc00a2c39e90264f33305004495a9","hash":"418a3dd6f68f8d56020d749b9f972f5a1dc0df4f"}
,"D:\\Work\\AM\\Projects\\fabric-whiteboard\\src\\board\\drawer\\arrow.js": {"path":"D:\\Work\\AM\\Projects\\fabric-whiteboard\\src\\board\\drawer\\arrow.js","statementMap":{"0":{"start":{"line":4,"column":2},"end":{"line":4,"column":50}},"1":{"start":{"line":5,"column":2},"end":{"line":5,"column":54}},"2":{"start":{"line":6,"column":14},"end":{"line":6,"column":68}},"3":{"start":{"line":7,"column":13},"end":{"line":7,"column":46}},"4":{"start":{"line":8,"column":13},"end":{"line":8,"column":46}},"5":{"start":{"line":9,"column":11},"end":{"line":9,"column":37}},"6":{"start":{"line":10,"column":11},"end":{"line":10,"column":37}},"7":{"start":{"line":11,"column":11},"end":{"line":11,"column":37}},"8":{"start":{"line":12,"column":11},"end":{"line":12,"column":37}},"9":{"start":{"line":13,"column":15},"end":{"line":13,"column":27}},"10":{"start":{"line":14,"column":13},"end":{"line":14,"column":25}},"11":{"start":{"line":15,"column":13},"end":{"line":15,"column":40}},"12":{"start":{"line":16,"column":2},"end":{"line":16,"column":33}},"13":{"start":{"line":17,"column":2},"end":{"line":17,"column":21}},"14":{"start":{"line":18,"column":2},"end":{"line":18,"column":21}},"15":{"start":{"line":19,"column":2},"end":{"line":19,"column":39}},"16":{"start":{"line":20,"column":2},"end":{"line":20,"column":33}},"17":{"start":{"line":21,"column":2},"end":{"line":21,"column":21}},"18":{"start":{"line":22,"column":2},"end":{"line":22,"column":21}},"19":{"start":{"line":23,"column":2},"end":{"line":23,"column":39}},"20":{"start":{"line":24,"column":2},"end":{"line":24,"column":13}},"21":{"start":{"line":28,"column":2},"end":{"line":32,"column":4}}},"fnMap":{"0":{"name":"drawArrow","decl":{"start":{"line":3,"column":9},"end":{"line":3,"column":18}},"loc":{"start":{"line":3,"column":59},"end":{"line":25,"column":1}},"line":3},"1":{"name":"(anonymous_1)","decl":{"start":{"line":27,"column":15},"end":{"line":27,"column":16}},"loc":{"start":{"line":27,"column":55},"end":{"line":33,"column":1}},"line":27}},"branchMap":{"0":{"loc":{"start":{"line":4,"column":10},"end":{"line":4,"column":50}},"type":"cond-expr","locations":[{"start":{"line":4,"column":40},"end":{"line":4,"column":45}},{"start":{"line":4,"column":48},"end":{"line":4,"column":50}}],"line":4},"1":{"loc":{"start":{"line":5,"column":12},"end":{"line":5,"column":54}},"type":"cond-expr","locations":[{"start":{"line":5,"column":42},"end":{"line":5,"column":49}},{"start":{"line":5,"column":52},"end":{"line":5,"column":54}}],"line":5}},"s":{"0":0,"1":0,"2":0,"3":0,"4":0,"5":0,"6":0,"7":0,"8":0,"9":0,"10":0,"11":0,"12":0,"13":0,"14":0,"15":0,"16":0,"17":0,"18":0,"19":0,"20":0,"21":0},"f":{"0":0,"1":0},"b":{"0":[0,0],"1":[0,0]},"_coverageSchema":"1a1c01bbd47fc00a2c39e90264f33305004495a9","hash":"9b626f71e12bd457b6fc13300295e7b782831735"}
,"D:\\Work\\AM\\Projects\\fabric-whiteboard\\src\\board\\drawer\\circle.js": {"path":"D:\\Work\\AM\\Projects\\fabric-whiteboard\\src\\board\\drawer\\circle.js","statementMap":{"0":{"start":{"line":4,"column":13},"end":{"line":4,"column":19}},"1":{"start":{"line":5,"column":12},"end":{"line":5,"column":18}},"2":{"start":{"line":7,"column":4},"end":{"line":7,"column":78}},"3":{"start":{"line":8,"column":2},"end":{"line":15,"column":4}}},"fnMap":{"0":{"name":"(anonymous_0)","decl":{"start":{"line":3,"column":15},"end":{"line":3,"column":16}},"loc":{"start":{"line":3,"column":49},"end":{"line":16,"column":1}},"line":3}},"branchMap":{},"s":{"0":0,"1":0,"2":0,"3":0},"f":{"0":0},"b":{},"_coverageSchema":"1a1c01bbd47fc00a2c39e90264f33305004495a9","hash":"e355419eaa00777c2b04cb97ccf18d661d1cc5ad"}
,"D:\\Work\\AM\\Projects\\fabric-whiteboard\\src\\board\\drawer\\dotline.js": {"path":"D:\\Work\\AM\\Projects\\fabric-whiteboard\\src\\board\\drawer\\dotline.js","statementMap":{"0":{"start":{"line":4,"column":2},"end":{"line":8,"column":4}}},"fnMap":{"0":{"name":"(anonymous_0)","decl":{"start":{"line":3,"column":15},"end":{"line":3,"column":16}},"loc":{"start":{"line":3,"column":49},"end":{"line":9,"column":1}},"line":3}},"branchMap":{},"s":{"0":0},"f":{"0":0},"b":{},"_coverageSchema":"1a1c01bbd47fc00a2c39e90264f33305004495a9","hash":"6405a2ab11b16535dff8c8e2abbb81a4108c5efa"}
,"D:\\Work\\AM\\Projects\\fabric-whiteboard\\src\\board\\drawer\\ellipse.js": {"path":"D:\\Work\\AM\\Projects\\fabric-whiteboard\\src\\board\\drawer\\ellipse.js","statementMap":{"0":{"start":{"line":4,"column":13},"end":{"line":4,"column":19}},"1":{"start":{"line":5,"column":12},"end":{"line":5,"column":18}},"2":{"start":{"line":6,"column":2},"end":{"line":16,"column":4}}},"fnMap":{"0":{"name":"(anonymous_0)","decl":{"start":{"line":3,"column":15},"end":{"line":3,"column":16}},"loc":{"start":{"line":3,"column":49},"end":{"line":17,"column":1}},"line":3}},"branchMap":{},"s":{"0":0,"1":0,"2":0},"f":{"0":0},"b":{},"_coverageSchema":"1a1c01bbd47fc00a2c39e90264f33305004495a9","hash":"2f5b5560d00458e7d608f20487690d84b1b7162c"}
,"D:\\Work\\AM\\Projects\\fabric-whiteboard\\src\\board\\drawer\\index.js": {"path":"D:\\Work\\AM\\Projects\\fabric-whiteboard\\src\\board\\drawer\\index.js","statementMap":{},"fnMap":{},"branchMap":{},"s":{},"f":{},"b":{},"_coverageSchema":"1a1c01bbd47fc00a2c39e90264f33305004495a9","hash":"2ca99f62d15e36f57836a9c1ce4493458850a132"}
,"D:\\Work\\AM\\Projects\\fabric-whiteboard\\src\\board\\drawer\\line.js": {"path":"D:\\Work\\AM\\Projects\\fabric-whiteboard\\src\\board\\drawer\\line.js","statementMap":{"0":{"start":{"line":4,"column":2},"end":{"line":7,"column":4}}},"fnMap":{"0":{"name":"(anonymous_0)","decl":{"start":{"line":3,"column":15},"end":{"line":3,"column":16}},"loc":{"start":{"line":3,"column":49},"end":{"line":8,"column":1}},"line":3}},"branchMap":{},"s":{"0":0},"f":{"0":0},"b":{},"_coverageSchema":"1a1c01bbd47fc00a2c39e90264f33305004495a9","hash":"23197c537663f02417fb7b251f4661a1b9c58d25"}
,"D:\\Work\\AM\\Projects\\fabric-whiteboard\\src\\board\\drawer\\rectangle.js": {"path":"D:\\Work\\AM\\Projects\\fabric-whiteboard\\src\\board\\drawer\\rectangle.js","statementMap":{"0":{"start":{"line":5,"column":4},"end":{"line":25,"column":8}},"1":{"start":{"line":27,"column":2},"end":{"line":33,"column":4}}},"fnMap":{"0":{"name":"(anonymous_0)","decl":{"start":{"line":3,"column":15},"end":{"line":3,"column":16}},"loc":{"start":{"line":3,"column":49},"end":{"line":34,"column":1}},"line":3}},"branchMap":{},"s":{"0":0,"1":0},"f":{"0":0},"b":{},"_coverageSchema":"1a1c01bbd47fc00a2c39e90264f33305004495a9","hash":"2b1fc523b511e7534e8296697ad42ae6d41f1dca"}
,"D:\\Work\\AM\\Projects\\fabric-whiteboard\\src\\board\\drawer\\text.js": {"path":"D:\\Work\\AM\\Projects\\fabric-whiteboard\\src\\board\\drawer\\text.js","statementMap":{"0":{"start":{"line":4,"column":2},"end":{"line":13,"column":4}}},"fnMap":{"0":{"name":"(anonymous_0)","decl":{"start":{"line":3,"column":15},"end":{"line":3,"column":16}},"loc":{"start":{"line":3,"column":48},"end":{"line":14,"column":1}},"line":3}},"branchMap":{},"s":{"0":0},"f":{"0":0},"b":{},"_coverageSchema":"1a1c01bbd47fc00a2c39e90264f33305004495a9","hash":"d46f7ddfdfc198e582ebea3645debe7de3981323"}
,"D:\\Work\\AM\\Projects\\fabric-whiteboard\\src\\board\\drawer\\triangle.js": {"path":"D:\\Work\\AM\\Projects\\fabric-whiteboard\\src\\board\\drawer\\triangle.js","statementMap":{"0":{"start":{"line":4,"column":24},"end":{"line":15,"column":1}},"1":{"start":{"line":5,"column":15},"end":{"line":5,"column":28}},"2":{"start":{"line":6,"column":2},"end":{"line":14,"column":4}},"3":{"start":{"line":18,"column":23},"end":{"line":40,"column":1}},"4":{"start":{"line":20,"column":4},"end":{"line":32,"column":8}},"5":{"start":{"line":33,"column":2},"end":{"line":39,"column":4}},"6":{"start":{"line":43,"column":2},"end":{"line":44,"column":52}},"7":{"start":{"line":43,"column":31},"end":{"line":43,"column":77}},"8":{"start":{"line":44,"column":7},"end":{"line":44,"column":52}}},"fnMap":{"0":{"name":"(anonymous_0)","decl":{"start":{"line":4,"column":24},"end":{"line":4,"column":25}},"loc":{"start":{"line":4,"column":52},"end":{"line":15,"column":1}},"line":4},"1":{"name":"(anonymous_1)","decl":{"start":{"line":18,"column":23},"end":{"line":18,"column":24}},"loc":{"start":{"line":18,"column":51},"end":{"line":40,"column":1}},"line":18},"2":{"name":"(anonymous_2)","decl":{"start":{"line":42,"column":15},"end":{"line":42,"column":16}},"loc":{"start":{"line":42,"column":65},"end":{"line":45,"column":1}},"line":42}},"branchMap":{"0":{"loc":{"start":{"line":43,"column":2},"end":{"line":44,"column":52}},"type":"if","locations":[{"start":{"line":43,"column":2},"end":{"line":44,"column":52}},{"start":{"line":43,"column":2},"end":{"line":44,"column":52}}],"line":43}},"s":{"0":1,"1":0,"2":0,"3":1,"4":0,"5":0,"6":0,"7":0,"8":0},"f":{"0":0,"1":0,"2":0},"b":{"0":[0,0]},"_coverageSchema":"1a1c01bbd47fc00a2c39e90264f33305004495a9","hash":"0176fb499dc8c2936ebeb851d6dc81058958420b"}
,"D:\\Work\\AM\\Projects\\fabric-whiteboard\\src\\toolbar\\index.js": {"path":"D:\\Work\\AM\\Projects\\fabric-whiteboard\\src\\toolbar\\index.js","statementMap":{"0":{"start":{"line":14,"column":4},"end":{"line":14,"column":16}},"1":{"start":{"line":16,"column":4},"end":{"line":20,"column":5}},"2":{"start":{"line":22,"column":4},"end":{"line":22,"column":66}},"3":{"start":{"line":26,"column":4},"end":{"line":28,"column":6}},"4":{"start":{"line":32,"column":59},"end":{"line":32,"column":69}},"5":{"start":{"line":45,"column":8},"end":{"line":45,"column":18}},"6":{"start":{"line":47,"column":4},"end":{"line":47,"column":45}},"7":{"start":{"line":47,"column":27},"end":{"line":47,"column":45}},"8":{"start":{"line":49,"column":4},"end":{"line":109,"column":5}},"9":{"start":{"line":67,"column":12},"end":{"line":85,"column":17}},"10":{"start":{"line":75,"column":16},"end":{"line":75,"column":45}},"11":{"start":{"line":75,"column":39},"end":{"line":75,"column":45}},"12":{"start":{"line":76,"column":16},"end":{"line":76,"column":36}},"13":{"start":{"line":92,"column":14},"end":{"line":92,"column":43}},"14":{"start":{"line":92,"column":37},"end":{"line":92,"column":43}},"15":{"start":{"line":93,"column":14},"end":{"line":95,"column":16}},"16":{"start":{"line":113,"column":24},"end":{"line":113,"column":26}},"17":{"start":{"line":114,"column":4},"end":{"line":119,"column":6}},"18":{"start":{"line":115,"column":6},"end":{"line":118,"column":8}},"19":{"start":{"line":121,"column":4},"end":{"line":121,"column":22}},"20":{"start":{"line":125,"column":0},"end":{"line":137,"column":1}}},"fnMap":{"0":{"name":"(anonymous_0)","decl":{"start":{"line":13,"column":2},"end":{"line":13,"column":3}},"loc":{"start":{"line":13,"column":21},"end":{"line":23,"column":3}},"line":13},"1":{"name":"(anonymous_1)","decl":{"start":{"line":25,"column":2},"end":{"line":25,"column":3}},"loc":{"start":{"line":25,"column":22},"end":{"line":29,"column":3}},"line":25},"2":{"name":"(anonymous_2)","decl":{"start":{"line":31,"column":2},"end":{"line":31,"column":3}},"loc":{"start":{"line":31,"column":11},"end":{"line":110,"column":3}},"line":31},"3":{"name":"(anonymous_3)","decl":{"start":{"line":66,"column":27},"end":{"line":66,"column":28}},"loc":{"start":{"line":67,"column":12},"end":{"line":85,"column":17}},"line":67},"4":{"name":"(anonymous_4)","decl":{"start":{"line":74,"column":23},"end":{"line":74,"column":24}},"loc":{"start":{"line":74,"column":29},"end":{"line":77,"column":15}},"line":74},"5":{"name":"(anonymous_5)","decl":{"start":{"line":91,"column":21},"end":{"line":91,"column":22}},"loc":{"start":{"line":91,"column":27},"end":{"line":96,"column":13}},"line":91},"6":{"name":"(anonymous_6)","decl":{"start":{"line":112,"column":2},"end":{"line":112,"column":3}},"loc":{"start":{"line":112,"column":24},"end":{"line":122,"column":3}},"line":112},"7":{"name":"(anonymous_7)","decl":{"start":{"line":114,"column":18},"end":{"line":114,"column":19}},"loc":{"start":{"line":114,"column":28},"end":{"line":119,"column":5}},"line":114}},"branchMap":{"0":{"loc":{"start":{"line":47,"column":4},"end":{"line":47,"column":45}},"type":"if","locations":[{"start":{"line":47,"column":4},"end":{"line":47,"column":45}},{"start":{"line":47,"column":4},"end":{"line":47,"column":45}}],"line":47},"1":{"loc":{"start":{"line":70,"column":16},"end":{"line":70,"column":48}},"type":"cond-expr","locations":[{"start":{"line":70,"column":35},"end":{"line":70,"column":43}},{"start":{"line":70,"column":46},"end":{"line":70,"column":48}}],"line":70},"2":{"loc":{"start":{"line":75,"column":16},"end":{"line":75,"column":45}},"type":"if","locations":[{"start":{"line":75,"column":16},"end":{"line":75,"column":45}},{"start":{"line":75,"column":16},"end":{"line":75,"column":45}}],"line":75},"3":{"loc":{"start":{"line":82,"column":18},"end":{"line":82,"column":50}},"type":"cond-expr","locations":[{"start":{"line":82,"column":37},"end":{"line":82,"column":45}},{"start":{"line":82,"column":48},"end":{"line":82,"column":50}}],"line":82},"4":{"loc":{"start":{"line":92,"column":14},"end":{"line":92,"column":43}},"type":"if","locations":[{"start":{"line":92,"column":14},"end":{"line":92,"column":43}},{"start":{"line":92,"column":14},"end":{"line":92,"column":43}}],"line":92}},"s":{"0":0,"1":0,"2":0,"3":0,"4":0,"5":0,"6":0,"7":0,"8":0,"9":0,"10":0,"11":0,"12":0,"13":0,"14":0,"15":0,"16":0,"17":0,"18":0,"19":0,"20":1},"f":{"0":0,"1":0,"2":0,"3":0,"4":0,"5":0,"6":0,"7":0},"b":{"0":[0,0],"1":[0,0],"2":[0,0],"3":[0,0],"4":[0,0]},"_coverageSchema":"1a1c01bbd47fc00a2c39e90264f33305004495a9","hash":"8c66682e4b85808909edc8a83b97e44a6c2e6d95"}
,"D:\\Work\\AM\\Projects\\fabric-whiteboard\\src\\toolbar\\colorpicker\\index.js": {"path":"D:\\Work\\AM\\Projects\\fabric-whiteboard\\src\\toolbar\\colorpicker\\index.js","statementMap":{"0":{"start":{"line":11,"column":4},"end":{"line":11,"column":16}},"1":{"start":{"line":15,"column":54},"end":{"line":15,"column":64}},"2":{"start":{"line":16,"column":4},"end":{"line":30,"column":5}},"3":{"start":{"line":34,"column":0},"end":{"line":45,"column":1}}},"fnMap":{"0":{"name":"(anonymous_0)","decl":{"start":{"line":10,"column":2},"end":{"line":10,"column":3}},"loc":{"start":{"line":10,"column":21},"end":{"line":12,"column":3}},"line":10},"1":{"name":"(anonymous_1)","decl":{"start":{"line":14,"column":2},"end":{"line":14,"column":3}},"loc":{"start":{"line":14,"column":11},"end":{"line":31,"column":3}},"line":14}},"branchMap":{},"s":{"0":0,"1":0,"2":0,"3":1},"f":{"0":0,"1":0},"b":{},"_coverageSchema":"1a1c01bbd47fc00a2c39e90264f33305004495a9","hash":"0530305b6b2578edc0ac2e0d572d35dd264c7b78"}
,"D:\\Work\\AM\\Projects\\fabric-whiteboard\\src\\toolbar\\thickness\\index.js": {"path":"D:\\Work\\AM\\Projects\\fabric-whiteboard\\src\\toolbar\\thickness\\index.js","statementMap":{"0":{"start":{"line":9,"column":4},"end":{"line":9,"column":16}},"1":{"start":{"line":11,"column":4},"end":{"line":13,"column":5}},"2":{"start":{"line":14,"column":4},"end":{"line":14,"column":50}},"3":{"start":{"line":18,"column":29},"end":{"line":18,"column":39}},"4":{"start":{"line":20,"column":4},"end":{"line":24,"column":6}},"5":{"start":{"line":22,"column":8},"end":{"line":22,"column":26}},"6":{"start":{"line":28,"column":38},"end":{"line":28,"column":48}},"7":{"start":{"line":29,"column":4},"end":{"line":46,"column":5}},"8":{"start":{"line":50,"column":41},"end":{"line":50,"column":51}},"9":{"start":{"line":51,"column":22},"end":{"line":51,"column":32}},"10":{"start":{"line":53,"column":4},"end":{"line":53,"column":33}},"11":{"start":{"line":53,"column":27},"end":{"line":53,"column":33}},"12":{"start":{"line":55,"column":20},"end":{"line":55,"column":29}},"13":{"start":{"line":57,"column":4},"end":{"line":57,"column":51}},"14":{"start":{"line":57,"column":38},"end":{"line":57,"column":51}},"15":{"start":{"line":59,"column":4},"end":{"line":66,"column":5}},"16":{"start":{"line":64,"column":8},"end":{"line":64,"column":34}},"17":{"start":{"line":70,"column":0},"end":{"line":77,"column":1}}},"fnMap":{"0":{"name":"(anonymous_0)","decl":{"start":{"line":8,"column":2},"end":{"line":8,"column":3}},"loc":{"start":{"line":8,"column":21},"end":{"line":15,"column":3}},"line":8},"1":{"name":"(anonymous_1)","decl":{"start":{"line":17,"column":2},"end":{"line":17,"column":3}},"loc":{"start":{"line":17,"column":22},"end":{"line":25,"column":3}},"line":17},"2":{"name":"(anonymous_2)","decl":{"start":{"line":21,"column":24},"end":{"line":21,"column":25}},"loc":{"start":{"line":21,"column":34},"end":{"line":23,"column":7}},"line":21},"3":{"name":"(anonymous_3)","decl":{"start":{"line":27,"column":2},"end":{"line":27,"column":3}},"loc":{"start":{"line":27,"column":11},"end":{"line":47,"column":3}},"line":27},"4":{"name":"(anonymous_4)","decl":{"start":{"line":49,"column":2},"end":{"line":49,"column":3}},"loc":{"start":{"line":49,"column":16},"end":{"line":67,"column":3}},"line":49},"5":{"name":"(anonymous_5)","decl":{"start":{"line":63,"column":6},"end":{"line":63,"column":7}},"loc":{"start":{"line":63,"column":12},"end":{"line":65,"column":7}},"line":63}},"branchMap":{"0":{"loc":{"start":{"line":53,"column":4},"end":{"line":53,"column":33}},"type":"if","locations":[{"start":{"line":53,"column":4},"end":{"line":53,"column":33}},{"start":{"line":53,"column":4},"end":{"line":53,"column":33}}],"line":53},"1":{"loc":{"start":{"line":57,"column":4},"end":{"line":57,"column":51}},"type":"if","locations":[{"start":{"line":57,"column":4},"end":{"line":57,"column":51}},{"start":{"line":57,"column":4},"end":{"line":57,"column":51}}],"line":57}},"s":{"0":0,"1":0,"2":0,"3":0,"4":0,"5":0,"6":0,"7":0,"8":0,"9":0,"10":0,"11":0,"12":0,"13":0,"14":0,"15":0,"16":0,"17":1},"f":{"0":0,"1":0,"2":0,"3":0,"4":0,"5":0},"b":{"0":[0,0],"1":[0,0]},"_coverageSchema":"1a1c01bbd47fc00a2c39e90264f33305004495a9","hash":"99da297b46f77d1a06c9dffdb141ea2a9fa5e5ec"}
,"D:\\Work\\AM\\Projects\\fabric-whiteboard\\src\\utils\\handler.js": {"path":"D:\\Work\\AM\\Projects\\fabric-whiteboard\\src\\utils\\handler.js","statementMap":{"0":{"start":{"line":7,"column":19},"end":{"line":24,"column":1}},"1":{"start":{"line":8,"column":2},"end":{"line":23,"column":3}},"2":{"start":{"line":30,"column":31},"end":{"line":32,"column":1}},"3":{"start":{"line":31,"column":2},"end":{"line":31,"column":41}},"4":{"start":{"line":39,"column":32},"end":{"line":47,"column":1}},"5":{"start":{"line":40,"column":13},"end":{"line":40,"column":32}},"6":{"start":{"line":41,"column":2},"end":{"line":45,"column":3}},"7":{"start":{"line":41,"column":15},"end":{"line":41,"column":16}},"8":{"start":{"line":41,"column":24},"end":{"line":41,"column":35}},"9":{"start":{"line":42,"column":4},"end":{"line":44,"column":5}},"10":{"start":{"line":43,"column":6},"end":{"line":43,"column":20}},"11":{"start":{"line":46,"column":2},"end":{"line":46,"column":13}},"12":{"start":{"line":53,"column":26},"end":{"line":57,"column":1}},"13":{"start":{"line":54,"column":2},"end":{"line":54,"column":42}},"14":{"start":{"line":54,"column":33},"end":{"line":54,"column":42}},"15":{"start":{"line":56,"column":2},"end":{"line":56,"column":51}},"16":{"start":{"line":65,"column":27},"end":{"line":69,"column":1}},"17":{"start":{"line":66,"column":2},"end":{"line":66,"column":39}},"18":{"start":{"line":66,"column":33},"end":{"line":66,"column":39}},"19":{"start":{"line":68,"column":2},"end":{"line":68,"column":52}},"20":{"start":{"line":76,"column":28},"end":{"line":101,"column":1}},"21":{"start":{"line":77,"column":2},"end":{"line":77,"column":39}},"22":{"start":{"line":77,"column":33},"end":{"line":77,"column":39}},"23":{"start":{"line":79,"column":2},"end":{"line":79,"column":38}},"24":{"start":{"line":81,"column":2},"end":{"line":100,"column":3}},"25":{"start":{"line":82,"column":26},"end":{"line":82,"column":42}},"26":{"start":{"line":83,"column":25},"end":{"line":83,"column":52}},"27":{"start":{"line":85,"column":4},"end":{"line":97,"column":6}},"28":{"start":{"line":86,"column":34},"end":{"line":86,"column":64}},"29":{"start":{"line":87,"column":6},"end":{"line":87,"column":44}},"30":{"start":{"line":89,"column":6},"end":{"line":93,"column":8}},"31":{"start":{"line":90,"column":23},"end":{"line":90,"column":66}},"32":{"start":{"line":92,"column":8},"end":{"line":92,"column":50}},"33":{"start":{"line":92,"column":31},"end":{"line":92,"column":50}},"34":{"start":{"line":95,"column":6},"end":{"line":95,"column":60}},"35":{"start":{"line":96,"column":6},"end":{"line":96,"column":30}},"36":{"start":{"line":99,"column":4},"end":{"line":99,"column":24}},"37":{"start":{"line":108,"column":32},"end":{"line":129,"column":1}},"38":{"start":{"line":109,"column":2},"end":{"line":109,"column":39}},"39":{"start":{"line":109,"column":33},"end":{"line":109,"column":39}},"40":{"start":{"line":110,"column":23},"end":{"line":110,"column":50}},"41":{"start":{"line":112,"column":2},"end":{"line":112,"column":42}},"42":{"start":{"line":114,"column":2},"end":{"line":128,"column":3}},"43":{"start":{"line":115,"column":32},"end":{"line":115,"column":62}},"44":{"start":{"line":116,"column":4},"end":{"line":116,"column":42}},"45":{"start":{"line":118,"column":20},"end":{"line":118,"column":41}},"46":{"start":{"line":119,"column":4},"end":{"line":122,"column":6}},"47":{"start":{"line":120,"column":24},"end":{"line":120,"column":71}},"48":{"start":{"line":121,"column":6},"end":{"line":121,"column":60}},"49":{"start":{"line":121,"column":30},"end":{"line":121,"column":60}},"50":{"start":{"line":124,"column":4},"end":{"line":124,"column":58}},"51":{"start":{"line":125,"column":4},"end":{"line":125,"column":28}},"52":{"start":{"line":127,"column":4},"end":{"line":127,"column":24}},"53":{"start":{"line":136,"column":32},"end":{"line":172,"column":1}},"54":{"start":{"line":137,"column":2},"end":{"line":137,"column":39}},"55":{"start":{"line":137,"column":33},"end":{"line":137,"column":39}},"56":{"start":{"line":138,"column":23},"end":{"line":138,"column":50}},"57":{"start":{"line":140,"column":2},"end":{"line":140,"column":42}},"58":{"start":{"line":142,"column":2},"end":{"line":171,"column":3}},"59":{"start":{"line":143,"column":61},"end":{"line":143,"column":77}},"60":{"start":{"line":145,"column":4},"end":{"line":168,"column":5}},"61":{"start":{"line":146,"column":24},"end":{"line":146,"column":72}},"62":{"start":{"line":147,"column":6},"end":{"line":147,"column":64}},"63":{"start":{"line":147,"column":30},"end":{"line":147,"column":64}},"64":{"start":{"line":149,"column":22},"end":{"line":149,"column":52}},"65":{"start":{"line":150,"column":6},"end":{"line":165,"column":7}},"66":{"start":{"line":151,"column":8},"end":{"line":151,"column":29}},"67":{"start":{"line":153,"column":29},"end":{"line":153,"column":31}},"68":{"start":{"line":154,"column":8},"end":{"line":157,"column":10}},"69":{"start":{"line":155,"column":25},"end":{"line":155,"column":66}},"70":{"start":{"line":156,"column":10},"end":{"line":156,"column":60}},"71":{"start":{"line":156,"column":33},"end":{"line":156,"column":60}},"72":{"start":{"line":158,"column":8},"end":{"line":160,"column":10}},"73":{"start":{"line":162,"column":8},"end":{"line":162,"column":29}},"74":{"start":{"line":164,"column":8},"end":{"line":164,"column":47}},"75":{"start":{"line":167,"column":6},"end":{"line":167,"column":37}},"76":{"start":{"line":170,"column":4},"end":{"line":170,"column":24}},"77":{"start":{"line":178,"column":31},"end":{"line":182,"column":1}},"78":{"start":{"line":179,"column":2},"end":{"line":179,"column":39}},"79":{"start":{"line":179,"column":33},"end":{"line":179,"column":39}},"80":{"start":{"line":181,"column":2},"end":{"line":181,"column":37}},"81":{"start":{"line":189,"column":34},"end":{"line":212,"column":1}},"82":{"start":{"line":190,"column":2},"end":{"line":190,"column":39}},"83":{"start":{"line":190,"column":33},"end":{"line":190,"column":39}},"84":{"start":{"line":192,"column":2},"end":{"line":192,"column":44}},"85":{"start":{"line":193,"column":2},"end":{"line":211,"column":3}},"86":{"start":{"line":194,"column":24},"end":{"line":194,"column":49}},"87":{"start":{"line":195,"column":25},"end":{"line":195,"column":52}},"88":{"start":{"line":197,"column":20},"end":{"line":197,"column":22}},"89":{"start":{"line":198,"column":4},"end":{"line":201,"column":6}},"90":{"start":{"line":199,"column":24},"end":{"line":199,"column":65}},"91":{"start":{"line":200,"column":6},"end":{"line":200,"column":53}},"92":{"start":{"line":200,"column":30},"end":{"line":200,"column":53}},"93":{"start":{"line":203,"column":4},"end":{"line":203,"column":38}},"94":{"start":{"line":205,"column":16},"end":{"line":205,"column":77}},"95":{"start":{"line":207,"column":4},"end":{"line":207,"column":37}},"96":{"start":{"line":208,"column":4},"end":{"line":208,"column":35}},"97":{"start":{"line":210,"column":4},"end":{"line":210,"column":24}},"98":{"start":{"line":219,"column":34},"end":{"line":261,"column":1}},"99":{"start":{"line":220,"column":2},"end":{"line":220,"column":39}},"100":{"start":{"line":220,"column":33},"end":{"line":220,"column":39}},"101":{"start":{"line":222,"column":2},"end":{"line":222,"column":44}},"102":{"start":{"line":224,"column":2},"end":{"line":260,"column":3}},"103":{"start":{"line":225,"column":25},"end":{"line":225,"column":52}},"104":{"start":{"line":226,"column":43},"end":{"line":226,"column":68}},"105":{"start":{"line":228,"column":14},"end":{"line":228,"column":44}},"106":{"start":{"line":230,"column":4},"end":{"line":257,"column":5}},"107":{"start":{"line":231,"column":6},"end":{"line":231,"column":40}},"108":{"start":{"line":233,"column":25},"end":{"line":233,"column":27}},"109":{"start":{"line":234,"column":6},"end":{"line":237,"column":8}},"110":{"start":{"line":235,"column":26},"end":{"line":235,"column":67}},"111":{"start":{"line":236,"column":8},"end":{"line":236,"column":58}},"112":{"start":{"line":236,"column":32},"end":{"line":236,"column":58}},"113":{"start":{"line":239,"column":6},"end":{"line":239,"column":76}},"114":{"start":{"line":241,"column":6},"end":{"line":241,"column":39}},"115":{"start":{"line":242,"column":6},"end":{"line":242,"column":37}},"116":{"start":{"line":244,"column":6},"end":{"line":248,"column":8}},"117":{"start":{"line":245,"column":26},"end":{"line":245,"column":67}},"118":{"start":{"line":246,"column":8},"end":{"line":247,"column":38}},"119":{"start":{"line":247,"column":10},"end":{"line":247,"column":38}},"120":{"start":{"line":250,"column":6},"end":{"line":254,"column":8}},"121":{"start":{"line":251,"column":26},"end":{"line":251,"column":67}},"122":{"start":{"line":252,"column":8},"end":{"line":253,"column":41}},"123":{"start":{"line":253,"column":10},"end":{"line":253,"column":41}},"124":{"start":{"line":256,"column":6},"end":{"line":256,"column":37}},"125":{"start":{"line":259,"column":4},"end":{"line":259,"column":24}},"126":{"start":{"line":268,"column":33},"end":{"line":275,"column":1}},"127":{"start":{"line":269,"column":2},"end":{"line":269,"column":39}},"128":{"start":{"line":269,"column":33},"end":{"line":269,"column":39}},"129":{"start":{"line":270,"column":23},"end":{"line":270,"column":50}},"130":{"start":{"line":271,"column":24},"end":{"line":271,"column":49}},"131":{"start":{"line":273,"column":2},"end":{"line":273,"column":36}},"132":{"start":{"line":274,"column":2},"end":{"line":274,"column":33}}},"fnMap":{"0":{"name":"(anonymous_0)","decl":{"start":{"line":7,"column":19},"end":{"line":7,"column":20}},"loc":{"start":{"line":7,"column":28},"end":{"line":24,"column":1}},"line":7},"1":{"name":"(anonymous_1)","decl":{"start":{"line":30,"column":31},"end":{"line":30,"column":32}},"loc":{"start":{"line":30,"column":40},"end":{"line":32,"column":1}},"line":30},"2":{"name":"(anonymous_2)","decl":{"start":{"line":39,"column":32},"end":{"line":39,"column":33}},"loc":{"start":{"line":39,"column":48},"end":{"line":47,"column":1}},"line":39},"3":{"name":"(anonymous_3)","decl":{"start":{"line":53,"column":26},"end":{"line":53,"column":27}},"loc":{"start":{"line":53,"column":35},"end":{"line":57,"column":1}},"line":53},"4":{"name":"(anonymous_4)","decl":{"start":{"line":65,"column":27},"end":{"line":65,"column":28}},"loc":{"start":{"line":65,"column":46},"end":{"line":69,"column":1}},"line":65},"5":{"name":"(anonymous_5)","decl":{"start":{"line":76,"column":28},"end":{"line":76,"column":29}},"loc":{"start":{"line":76,"column":43},"end":{"line":101,"column":1}},"line":76},"6":{"name":"(anonymous_6)","decl":{"start":{"line":85,"column":38},"end":{"line":85,"column":39}},"loc":{"start":{"line":85,"column":51},"end":{"line":97,"column":5}},"line":85},"7":{"name":"(anonymous_7)","decl":{"start":{"line":89,"column":22},"end":{"line":89,"column":23}},"loc":{"start":{"line":89,"column":35},"end":{"line":93,"column":7}},"line":89},"8":{"name":"(anonymous_8)","decl":{"start":{"line":108,"column":32},"end":{"line":108,"column":33}},"loc":{"start":{"line":108,"column":52},"end":{"line":129,"column":1}},"line":108},"9":{"name":"(anonymous_9)","decl":{"start":{"line":119,"column":20},"end":{"line":119,"column":21}},"loc":{"start":{"line":119,"column":34},"end":{"line":122,"column":5}},"line":119},"10":{"name":"(anonymous_10)","decl":{"start":{"line":136,"column":32},"end":{"line":136,"column":33}},"loc":{"start":{"line":136,"column":47},"end":{"line":172,"column":1}},"line":136},"11":{"name":"(anonymous_11)","decl":{"start":{"line":154,"column":28},"end":{"line":154,"column":29}},"loc":{"start":{"line":154,"column":36},"end":{"line":157,"column":9}},"line":154},"12":{"name":"(anonymous_12)","decl":{"start":{"line":178,"column":31},"end":{"line":178,"column":32}},"loc":{"start":{"line":178,"column":40},"end":{"line":182,"column":1}},"line":178},"13":{"name":"(anonymous_13)","decl":{"start":{"line":189,"column":34},"end":{"line":189,"column":35}},"loc":{"start":{"line":189,"column":58},"end":{"line":212,"column":1}},"line":189},"14":{"name":"(anonymous_14)","decl":{"start":{"line":198,"column":24},"end":{"line":198,"column":25}},"loc":{"start":{"line":198,"column":32},"end":{"line":201,"column":5}},"line":198},"15":{"name":"(anonymous_15)","decl":{"start":{"line":219,"column":34},"end":{"line":219,"column":35}},"loc":{"start":{"line":219,"column":58},"end":{"line":261,"column":1}},"line":219},"16":{"name":"(anonymous_16)","decl":{"start":{"line":234,"column":26},"end":{"line":234,"column":27}},"loc":{"start":{"line":234,"column":34},"end":{"line":237,"column":7}},"line":234},"17":{"name":"(anonymous_17)","decl":{"start":{"line":244,"column":26},"end":{"line":244,"column":27}},"loc":{"start":{"line":244,"column":34},"end":{"line":248,"column":7}},"line":244},"18":{"name":"(anonymous_18)","decl":{"start":{"line":250,"column":28},"end":{"line":250,"column":29}},"loc":{"start":{"line":250,"column":36},"end":{"line":254,"column":7}},"line":250},"19":{"name":"(anonymous_19)","decl":{"start":{"line":268,"column":33},"end":{"line":268,"column":34}},"loc":{"start":{"line":268,"column":57},"end":{"line":275,"column":1}},"line":268}},"branchMap":{"0":{"loc":{"start":{"line":9,"column":4},"end":{"line":22,"column":39}},"type":"binary-expr","locations":[{"start":{"line":9,"column":4},"end":{"line":9,"column":16}},{"start":{"line":10,"column":4},"end":{"line":10,"column":21}},{"start":{"line":11,"column":4},"end":{"line":11,"column":21}},{"start":{"line":12,"column":4},"end":{"line":12,"column":26}},{"start":{"line":13,"column":4},"end":{"line":13,"column":27}},{"start":{"line":14,"column":4},"end":{"line":14,"column":32}},{"start":{"line":15,"column":4},"end":{"line":15,"column":32}},{"start":{"line":16,"column":4},"end":{"line":16,"column":37}},{"start":{"line":17,"column":4},"end":{"line":17,"column":45}},{"start":{"line":18,"column":4},"end":{"line":18,"column":50}},{"start":{"line":19,"column":4},"end":{"line":19,"column":29}},{"start":{"line":20,"column":4},"end":{"line":20,"column":34}},{"start":{"line":21,"column":4},"end":{"line":21,"column":34}},{"start":{"line":22,"column":4},"end":{"line":22,"column":39}}],"line":9},"1":{"loc":{"start":{"line":42,"column":4},"end":{"line":44,"column":5}},"type":"if","locations":[{"start":{"line":42,"column":4},"end":{"line":44,"column":5}},{"start":{"line":42,"column":4},"end":{"line":44,"column":5}}],"line":42},"2":{"loc":{"start":{"line":54,"column":2},"end":{"line":54,"column":42}},"type":"if","locations":[{"start":{"line":54,"column":2},"end":{"line":54,"column":42}},{"start":{"line":54,"column":2},"end":{"line":54,"column":42}}],"line":54},"3":{"loc":{"start":{"line":66,"column":2},"end":{"line":66,"column":39}},"type":"if","locations":[{"start":{"line":66,"column":2},"end":{"line":66,"column":39}},{"start":{"line":66,"column":2},"end":{"line":66,"column":39}}],"line":66},"4":{"loc":{"start":{"line":77,"column":2},"end":{"line":77,"column":39}},"type":"if","locations":[{"start":{"line":77,"column":2},"end":{"line":77,"column":39}},{"start":{"line":77,"column":2},"end":{"line":77,"column":39}}],"line":77},"5":{"loc":{"start":{"line":92,"column":8},"end":{"line":92,"column":50}},"type":"if","locations":[{"start":{"line":92,"column":8},"end":{"line":92,"column":50}},{"start":{"line":92,"column":8},"end":{"line":92,"column":50}}],"line":92},"6":{"loc":{"start":{"line":109,"column":2},"end":{"line":109,"column":39}},"type":"if","locations":[{"start":{"line":109,"column":2},"end":{"line":109,"column":39}},{"start":{"line":109,"column":2},"end":{"line":109,"column":39}}],"line":109},"7":{"loc":{"start":{"line":121,"column":6},"end":{"line":121,"column":60}},"type":"if","locations":[{"start":{"line":121,"column":6},"end":{"line":121,"column":60}},{"start":{"line":121,"column":6},"end":{"line":121,"column":60}}],"line":121},"8":{"loc":{"start":{"line":137,"column":2},"end":{"line":137,"column":39}},"type":"if","locations":[{"start":{"line":137,"column":2},"end":{"line":137,"column":39}},{"start":{"line":137,"column":2},"end":{"line":137,"column":39}}],"line":137},"9":{"loc":{"start":{"line":145,"column":4},"end":{"line":168,"column":5}},"type":"if","locations":[{"start":{"line":145,"column":4},"end":{"line":168,"column":5}},{"start":{"line":145,"column":4},"end":{"line":168,"column":5}}],"line":145},"10":{"loc":{"start":{"line":145,"column":8},"end":{"line":145,"column":59}},"type":"binary-expr","locations":[{"start":{"line":145,"column":8},"end":{"line":145,"column":33}},{"start":{"line":145,"column":37},"end":{"line":145,"column":59}}],"line":145},"11":{"loc":{"start":{"line":147,"column":6},"end":{"line":147,"column":64}},"type":"if","locations":[{"start":{"line":147,"column":6},"end":{"line":147,"column":64}},{"start":{"line":147,"column":6},"end":{"line":147,"column":64}}],"line":147},"12":{"loc":{"start":{"line":150,"column":6},"end":{"line":165,"column":7}},"type":"if","locations":[{"start":{"line":150,"column":6},"end":{"line":165,"column":7}},{"start":{"line":150,"column":6},"end":{"line":165,"column":7}}],"line":150},"13":{"loc":{"start":{"line":150,"column":10},"end":{"line":150,"column":55}},"type":"binary-expr","locations":[{"start":{"line":150,"column":10},"end":{"line":150,"column":33}},{"start":{"line":150,"column":37},"end":{"line":150,"column":55}}],"line":150},"14":{"loc":{"start":{"line":156,"column":10},"end":{"line":156,"column":60}},"type":"if","locations":[{"start":{"line":156,"column":10},"end":{"line":156,"column":60}},{"start":{"line":156,"column":10},"end":{"line":156,"column":60}}],"line":156},"15":{"loc":{"start":{"line":179,"column":2},"end":{"line":179,"column":39}},"type":"if","locations":[{"start":{"line":179,"column":2},"end":{"line":179,"column":39}},{"start":{"line":179,"column":2},"end":{"line":179,"column":39}}],"line":179},"16":{"loc":{"start":{"line":190,"column":2},"end":{"line":190,"column":39}},"type":"if","locations":[{"start":{"line":190,"column":2},"end":{"line":190,"column":39}},{"start":{"line":190,"column":2},"end":{"line":190,"column":39}}],"line":190},"17":{"loc":{"start":{"line":200,"column":6},"end":{"line":200,"column":53}},"type":"if","locations":[{"start":{"line":200,"column":6},"end":{"line":200,"column":53}},{"start":{"line":200,"column":6},"end":{"line":200,"column":53}}],"line":200},"18":{"loc":{"start":{"line":220,"column":2},"end":{"line":220,"column":39}},"type":"if","locations":[{"start":{"line":220,"column":2},"end":{"line":220,"column":39}},{"start":{"line":220,"column":2},"end":{"line":220,"column":39}}],"line":220},"19":{"loc":{"start":{"line":230,"column":4},"end":{"line":257,"column":5}},"type":"if","locations":[{"start":{"line":230,"column":4},"end":{"line":257,"column":5}},{"start":{"line":230,"column":4},"end":{"line":257,"column":5}}],"line":230},"20":{"loc":{"start":{"line":230,"column":8},"end":{"line":230,"column":46}},"type":"binary-expr","locations":[{"start":{"line":230,"column":8},"end":{"line":230,"column":12}},{"start":{"line":230,"column":16},"end":{"line":230,"column":46}}],"line":230},"21":{"loc":{"start":{"line":236,"column":8},"end":{"line":236,"column":58}},"type":"if","locations":[{"start":{"line":236,"column":8},"end":{"line":236,"column":58}},{"start":{"line":236,"column":8},"end":{"line":236,"column":58}}],"line":236},"22":{"loc":{"start":{"line":246,"column":8},"end":{"line":247,"column":38}},"type":"if","locations":[{"start":{"line":246,"column":8},"end":{"line":247,"column":38}},{"start":{"line":246,"column":8},"end":{"line":247,"column":38}}],"line":246},"23":{"loc":{"start":{"line":246,"column":12},"end":{"line":246,"column":67}},"type":"binary-expr","locations":[{"start":{"line":246,"column":12},"end":{"line":246,"column":30}},{"start":{"line":246,"column":34},"end":{"line":246,"column":67}}],"line":246},"24":{"loc":{"start":{"line":252,"column":8},"end":{"line":253,"column":41}},"type":"if","locations":[{"start":{"line":252,"column":8},"end":{"line":253,"column":41}},{"start":{"line":252,"column":8},"end":{"line":253,"column":41}}],"line":252},"25":{"loc":{"start":{"line":252,"column":12},"end":{"line":252,"column":66}},"type":"binary-expr","locations":[{"start":{"line":252,"column":12},"end":{"line":252,"column":30}},{"start":{"line":252,"column":34},"end":{"line":252,"column":66}}],"line":252},"26":{"loc":{"start":{"line":269,"column":2},"end":{"line":269,"column":39}},"type":"if","locations":[{"start":{"line":269,"column":2},"end":{"line":269,"column":39}},{"start":{"line":269,"column":2},"end":{"line":269,"column":39}}],"line":269}},"s":{"0":1,"1":0,"2":1,"3":0,"4":1,"5":0,"6":0,"7":0,"8":0,"9":0,"10":0,"11":0,"12":1,"13":0,"14":0,"15":0,"16":1,"17":0,"18":0,"19":0,"20":1,"21":0,"22":0,"23":0,"24":0,"25":0,"26":0,"27":0,"28":0,"29":0,"30":0,"31":0,"32":0,"33":0,"34":0,"35":0,"36":0,"37":1,"38":0,"39":0,"40":0,"41":0,"42":0,"43":0,"44":0,"45":0,"46":0,"47":0,"48":0,"49":0,"50":0,"51":0,"52":0,"53":1,"54":0,"55":0,"56":0,"57":0,"58":0,"59":0,"60":0,"61":0,"62":0,"63":0,"64":0,"65":0,"66":0,"67":0,"68":0,"69":0,"70":0,"71":0,"72":0,"73":0,"74":0,"75":0,"76":0,"77":1,"78":0,"79":0,"80":0,"81":1,"82":0,"83":0,"84":0,"85":0,"86":0,"87":0,"88":0,"89":0,"90":0,"91":0,"92":0,"93":0,"94":0,"95":0,"96":0,"97":0,"98":1,"99":0,"100":0,"101":0,"102":0,"103":0,"104":0,"105":0,"106":0,"107":0,"108":0,"109":0,"110":0,"111":0,"112":0,"113":0,"114":0,"115":0,"116":0,"117":0,"118":0,"119":0,"120":0,"121":0,"122":0,"123":0,"124":0,"125":0,"126":1,"127":0,"128":0,"129":0,"130":0,"131":0,"132":0},"f":{"0":0,"1":0,"2":0,"3":0,"4":0,"5":0,"6":0,"7":0,"8":0,"9":0,"10":0,"11":0,"12":0,"13":0,"14":0,"15":0,"16":0,"17":0,"18":0,"19":0},"b":{"0":[0,0,0,0,0,0,0,0,0,0,0,0,0,0],"1":[0,0],"2":[0,0],"3":[0,0],"4":[0,0],"5":[0,0],"6":[0,0],"7":[0,0],"8":[0,0],"9":[0,0],"10":[0,0],"11":[0,0],"12":[0,0],"13":[0,0],"14":[0,0],"15":[0,0],"16":[0,0],"17":[0,0],"18":[0,0],"19":[0,0],"20":[0,0],"21":[0,0],"22":[0,0],"23":[0,0],"24":[0,0],"25":[0,0],"26":[0,0]},"_coverageSchema":"1a1c01bbd47fc00a2c39e90264f33305004495a9","hash":"01105b215ac2001d46e98b40f9f2e3719a0ef483"}
,"D:\\Work\\AM\\Projects\\fabric-whiteboard\\src\\utils\\mode.js": {"path":"D:\\Work\\AM\\Projects\\fabric-whiteboard\\src\\utils\\mode.js","statementMap":{},"fnMap":{},"branchMap":{},"s":{},"f":{},"b":{},"_coverageSchema":"1a1c01bbd47fc00a2c39e90264f33305004495a9","hash":"0b4c01a778152ec1cdc53df40bddda56f7e2634a"}
}
