TN:
SF:src\index.js
FN:25,(anonymous_0)
FN:32,(anonymous_1)
FN:39,(anonymous_2)
FN:70,(anonymous_3)
FN:89,(anonymous_4)
FN:158,(anonymous_5)
FN:159,(anonymous_6)
FN:160,(anonymous_7)
FN:161,(anonymous_8)
FN:162,(anonymous_9)
FN:163,(anonymous_10)
FN:164,(anonymous_11)
FN:165,(anonymous_12)
FN:166,(anonymous_13)
FNF:14
FNH:3
FNDA:1,(anonymous_0)
FNDA:1,(anonymous_1)
FNDA:1,(anonymous_2)
FNDA:0,(anonymous_3)
FNDA:0,(anonymous_4)
FNDA:0,(anonymous_5)
FNDA:0,(anonymous_6)
FNDA:0,(anonymous_7)
FNDA:0,(anonymous_8)
FNDA:0,(anonymous_9)
FNDA:0,(anonymous_10)
FNDA:0,(anonymous_11)
FNDA:0,(anonymous_12)
FNDA:0,(anonymous_13)
DA:26,1
DA:28,1
DA:29,1
DA:33,1
DA:64,1
DA:66,1
DA:67,1
DA:71,0
DA:90,0
DA:106,0
DA:110,1
DA:136,1
LF:12
LH:9
BRDA:66,0,0,1
BRDA:66,0,1,0
BRF:2
BRH:1
end_of_record
TN:
SF:src\board\index.js
FN:12,(anonymous_0)
FN:47,(anonymous_1)
FN:54,(anonymous_2)
FN:83,(anonymous_3)
FN:158,(anonymous_4)
FN:185,(anonymous_5)
FN:189,(anonymous_6)
FN:204,(anonymous_7)
FN:210,(anonymous_8)
FN:232,(anonymous_9)
FN:245,(anonymous_10)
FN:252,(anonymous_11)
FN:258,(anonymous_12)
FN:274,(anonymous_13)
FN:280,(anonymous_14)
FN:286,(anonymous_15)
FN:299,(anonymous_16)
FN:305,(anonymous_17)
FN:313,(anonymous_18)
FN:321,(anonymous_19)
FN:336,(anonymous_20)
FN:365,(anonymous_21)
FN:395,(anonymous_22)
FNF:23
FNH:0
FNDA:0,(anonymous_0)
FNDA:0,(anonymous_1)
FNDA:0,(anonymous_2)
FNDA:0,(anonymous_3)
FNDA:0,(anonymous_4)
FNDA:0,(anonymous_5)
FNDA:0,(anonymous_6)
FNDA:0,(anonymous_7)
FNDA:0,(anonymous_8)
FNDA:0,(anonymous_9)
FNDA:0,(anonymous_10)
FNDA:0,(anonymous_11)
FNDA:0,(anonymous_12)
FNDA:0,(anonymous_13)
FNDA:0,(anonymous_14)
FNDA:0,(anonymous_15)
FNDA:0,(anonymous_16)
FNDA:0,(anonymous_17)
FNDA:0,(anonymous_18)
FNDA:0,(anonymous_19)
FNDA:0,(anonymous_20)
FNDA:0,(anonymous_21)
FNDA:0,(anonymous_22)
DA:13,0
DA:15,0
DA:25,0
DA:26,0
DA:27,0
DA:28,0
DA:29,0
DA:30,0
DA:31,0
DA:34,0
DA:37,0
DA:40,0
DA:44,0
DA:48,0
DA:49,0
DA:55,0
DA:56,0
DA:58,0
DA:65,0
DA:66,0
DA:67,0
DA:68,0
DA:69,0
DA:70,0
DA:71,0
DA:72,0
DA:73,0
DA:74,0
DA:76,0
DA:78,0
DA:88,0
DA:92,0
DA:93,0
DA:94,0
DA:95,0
DA:98,0
DA:99,0
DA:100,0
DA:101,0
DA:102,0
DA:104,0
DA:106,0
DA:107,0
DA:108,0
DA:109,0
DA:110,0
DA:112,0
DA:113,0
DA:114,0
DA:115,0
DA:116,0
DA:118,0
DA:119,0
DA:120,0
DA:121,0
DA:122,0
DA:124,0
DA:125,0
DA:126,0
DA:127,0
DA:128,0
DA:133,0
DA:134,0
DA:139,0
DA:140,0
DA:145,0
DA:146,0
DA:147,0
DA:151,0
DA:152,0
DA:153,0
DA:159,0
DA:160,0
DA:162,0
DA:164,0
DA:186,0
DA:190,0
DA:191,0
DA:192,0
DA:205,0
DA:211,0
DA:212,0
DA:214,0
DA:215,0
DA:216,0
DA:221,0
DA:233,0
DA:246,0
DA:248,0
DA:249,0
DA:253,0
DA:254,0
DA:256,0
DA:257,0
DA:258,0
DA:259,0
DA:260,0
DA:264,0
DA:265,0
DA:267,0
DA:268,0
DA:271,0
DA:275,0
DA:277,0
DA:278,0
DA:279,0
DA:280,0
DA:281,0
DA:285,0
DA:286,0
DA:287,0
DA:291,0
DA:300,0
DA:302,0
DA:304,0
DA:305,0
DA:306,0
DA:310,0
DA:314,0
DA:316,0
DA:318,0
DA:319,0
DA:320,0
DA:321,0
DA:322,0
DA:326,0
DA:344,0
DA:351,0
DA:352,0
DA:354,0
DA:355,0
DA:357,0
DA:358,0
DA:360,0
DA:366,0
DA:368,0
DA:374,0
DA:376,0
DA:382,0
DA:384,0
DA:391,0
DA:393,0
DA:394,0
DA:395,0
DA:396,0
DA:397,0
DA:400,0
DA:402,0
DA:403,0
DA:404,0
DA:405,0
DA:407,0
DA:413,0
DA:415,0
DA:422,0
DA:424,0
DA:430,0
DA:432,0
DA:438,0
DA:440,0
DA:443,0
DA:444,0
DA:447,0
DA:456,1
LF:164
LH:1
BRDA:76,0,0,0
BRDA:76,0,1,0
BRDA:88,1,0,0
BRDA:88,1,1,0
BRDA:89,2,0,0
BRDA:89,2,1,0
BRDA:93,3,0,0
BRDA:93,3,1,0
BRDA:98,4,0,0
BRDA:98,4,1,0
BRDA:104,5,0,0
BRDA:104,5,1,0
BRDA:104,5,2,0
BRDA:104,5,3,0
BRDA:133,6,0,0
BRDA:133,6,1,0
BRDA:134,7,0,0
BRDA:134,7,1,0
BRDA:139,8,0,0
BRDA:139,8,1,0
BRDA:140,9,0,0
BRDA:140,9,1,0
BRDA:145,10,0,0
BRDA:145,10,1,0
BRDA:146,11,0,0
BRDA:146,11,1,0
BRDA:151,12,0,0
BRDA:151,12,1,0
BRDA:152,13,0,0
BRDA:152,13,1,0
BRDA:162,14,0,0
BRDA:162,14,1,0
BRDA:173,15,0,0
BRDA:173,15,1,0
BRDA:191,16,0,0
BRDA:191,16,1,0
BRDA:205,17,0,0
BRDA:205,17,1,0
BRDA:214,18,0,0
BRDA:214,18,1,0
BRDA:214,19,0,0
BRDA:214,19,1,0
BRDA:254,20,0,0
BRDA:254,20,1,0
BRDA:257,21,0,0
BRDA:257,21,1,0
BRDA:260,22,0,0
BRDA:260,22,1,0
BRDA:264,23,0,0
BRDA:264,23,1,0
BRDA:279,24,0,0
BRDA:279,24,1,0
BRDA:285,25,0,0
BRDA:285,25,1,0
BRDA:304,26,0,0
BRDA:304,26,1,0
BRDA:316,27,0,0
BRDA:316,27,1,0
BRDA:320,28,0,0
BRDA:320,28,1,0
BRDA:330,29,0,0
BRDA:330,29,1,0
BRDA:352,30,0,0
BRDA:352,30,1,0
BRDA:352,31,0,0
BRDA:352,31,1,0
BRDA:357,32,0,0
BRDA:357,32,1,0
BRDA:358,33,0,0
BRDA:358,33,1,0
BRDA:366,34,0,0
BRDA:366,34,1,0
BRDA:366,34,2,0
BRDA:366,34,3,0
BRDA:366,34,4,0
BRDA:366,34,5,0
BRDA:366,34,6,0
BRDA:366,34,7,0
BRDA:366,34,8,0
BRDA:396,35,0,0
BRDA:396,35,1,0
BRDA:443,36,0,0
BRDA:443,36,1,0
BRF:83
BRH:0
end_of_record
TN:
SF:src\board\drawer\arrow.js
FN:3,drawArrow
FN:27,(anonymous_1)
FNF:2
FNH:0
FNDA:0,drawArrow
FNDA:0,(anonymous_1)
DA:4,0
DA:5,0
DA:6,0
DA:7,0
DA:8,0
DA:9,0
DA:10,0
DA:11,0
DA:12,0
DA:13,0
DA:14,0
DA:15,0
DA:16,0
DA:17,0
DA:18,0
DA:19,0
DA:20,0
DA:21,0
DA:22,0
DA:23,0
DA:24,0
DA:28,0
LF:22
LH:0
BRDA:4,0,0,0
BRDA:4,0,1,0
BRDA:5,1,0,0
BRDA:5,1,1,0
BRF:4
BRH:0
end_of_record
TN:
SF:src\board\drawer\circle.js
FN:3,(anonymous_0)
FNF:1
FNH:0
FNDA:0,(anonymous_0)
DA:4,0
DA:5,0
DA:7,0
DA:8,0
LF:4
LH:0
BRF:0
BRH:0
end_of_record
TN:
SF:src\board\drawer\dotline.js
FN:3,(anonymous_0)
FNF:1
FNH:0
FNDA:0,(anonymous_0)
DA:4,0
LF:1
LH:0
BRF:0
BRH:0
end_of_record
TN:
SF:src\board\drawer\ellipse.js
FN:3,(anonymous_0)
FNF:1
FNH:0
FNDA:0,(anonymous_0)
DA:4,0
DA:5,0
DA:6,0
LF:3
LH:0
BRF:0
BRH:0
end_of_record
TN:
SF:src\board\drawer\index.js
FNF:0
FNH:0
LF:0
LH:0
BRF:0
BRH:0
end_of_record
TN:
SF:src\board\drawer\line.js
FN:3,(anonymous_0)
FNF:1
FNH:0
FNDA:0,(anonymous_0)
DA:4,0
LF:1
LH:0
BRF:0
BRH:0
end_of_record
TN:
SF:src\board\drawer\rectangle.js
FN:3,(anonymous_0)
FNF:1
FNH:0
FNDA:0,(anonymous_0)
DA:5,0
DA:27,0
LF:2
LH:0
BRF:0
BRH:0
end_of_record
TN:
SF:src\board\drawer\text.js
FN:3,(anonymous_0)
FNF:1
FNH:0
FNDA:0,(anonymous_0)
DA:4,0
LF:1
LH:0
BRF:0
BRH:0
end_of_record
TN:
SF:src\board\drawer\triangle.js
FN:4,(anonymous_0)
FN:18,(anonymous_1)
FN:42,(anonymous_2)
FNF:3
FNH:0
FNDA:0,(anonymous_0)
FNDA:0,(anonymous_1)
FNDA:0,(anonymous_2)
DA:4,1
DA:5,0
DA:6,0
DA:18,1
DA:20,0
DA:33,0
DA:43,0
DA:44,0
LF:8
LH:2
BRDA:43,0,0,0
BRDA:43,0,1,0
BRF:2
BRH:0
end_of_record
TN:
SF:src\toolbar\index.js
FN:13,(anonymous_0)
FN:25,(anonymous_1)
FN:31,(anonymous_2)
FN:66,(anonymous_3)
FN:74,(anonymous_4)
FN:91,(anonymous_5)
FN:112,(anonymous_6)
FN:114,(anonymous_7)
FNF:8
FNH:0
FNDA:0,(anonymous_0)
FNDA:0,(anonymous_1)
FNDA:0,(anonymous_2)
FNDA:0,(anonymous_3)
FNDA:0,(anonymous_4)
FNDA:0,(anonymous_5)
FNDA:0,(anonymous_6)
FNDA:0,(anonymous_7)
DA:14,0
DA:16,0
DA:22,0
DA:26,0
DA:32,0
DA:45,0
DA:47,0
DA:49,0
DA:67,0
DA:75,0
DA:76,0
DA:92,0
DA:93,0
DA:113,0
DA:114,0
DA:115,0
DA:121,0
DA:125,1
LF:18
LH:1
BRDA:47,0,0,0
BRDA:47,0,1,0
BRDA:70,1,0,0
BRDA:70,1,1,0
BRDA:75,2,0,0
BRDA:75,2,1,0
BRDA:82,3,0,0
BRDA:82,3,1,0
BRDA:92,4,0,0
BRDA:92,4,1,0
BRF:10
BRH:0
end_of_record
TN:
SF:src\toolbar\colorpicker\index.js
FN:10,(anonymous_0)
FN:14,(anonymous_1)
FNF:2
FNH:0
FNDA:0,(anonymous_0)
FNDA:0,(anonymous_1)
DA:11,0
DA:15,0
DA:16,0
DA:34,1
LF:4
LH:1
BRF:0
BRH:0
end_of_record
TN:
SF:src\toolbar\thickness\index.js
FN:8,(anonymous_0)
FN:17,(anonymous_1)
FN:21,(anonymous_2)
FN:27,(anonymous_3)
FN:49,(anonymous_4)
FN:63,(anonymous_5)
FNF:6
FNH:0
FNDA:0,(anonymous_0)
FNDA:0,(anonymous_1)
FNDA:0,(anonymous_2)
FNDA:0,(anonymous_3)
FNDA:0,(anonymous_4)
FNDA:0,(anonymous_5)
DA:9,0
DA:11,0
DA:14,0
DA:18,0
DA:20,0
DA:22,0
DA:28,0
DA:29,0
DA:50,0
DA:51,0
DA:53,0
DA:55,0
DA:57,0
DA:59,0
DA:64,0
DA:70,1
LF:16
LH:1
BRDA:53,0,0,0
BRDA:53,0,1,0
BRDA:57,1,0,0
BRDA:57,1,1,0
BRF:4
BRH:0
end_of_record
TN:
SF:src\utils\handler.js
FN:7,(anonymous_0)
FN:30,(anonymous_1)
FN:39,(anonymous_2)
FN:53,(anonymous_3)
FN:65,(anonymous_4)
FN:76,(anonymous_5)
FN:85,(anonymous_6)
FN:89,(anonymous_7)
FN:108,(anonymous_8)
FN:119,(anonymous_9)
FN:136,(anonymous_10)
FN:154,(anonymous_11)
FN:178,(anonymous_12)
FN:189,(anonymous_13)
FN:198,(anonymous_14)
FN:219,(anonymous_15)
FN:234,(anonymous_16)
FN:244,(anonymous_17)
FN:250,(anonymous_18)
FN:268,(anonymous_19)
FNF:20
FNH:0
FNDA:0,(anonymous_0)
FNDA:0,(anonymous_1)
FNDA:0,(anonymous_2)
FNDA:0,(anonymous_3)
FNDA:0,(anonymous_4)
FNDA:0,(anonymous_5)
FNDA:0,(anonymous_6)
FNDA:0,(anonymous_7)
FNDA:0,(anonymous_8)
FNDA:0,(anonymous_9)
FNDA:0,(anonymous_10)
FNDA:0,(anonymous_11)
FNDA:0,(anonymous_12)
FNDA:0,(anonymous_13)
FNDA:0,(anonymous_14)
FNDA:0,(anonymous_15)
FNDA:0,(anonymous_16)
FNDA:0,(anonymous_17)
FNDA:0,(anonymous_18)
FNDA:0,(anonymous_19)
DA:7,1
DA:8,0
DA:30,1
DA:31,0
DA:39,1
DA:40,0
DA:41,0
DA:42,0
DA:43,0
DA:46,0
DA:53,1
DA:54,0
DA:56,0
DA:65,1
DA:66,0
DA:68,0
DA:76,1
DA:77,0
DA:79,0
DA:81,0
DA:82,0
DA:83,0
DA:85,0
DA:86,0
DA:87,0
DA:89,0
DA:90,0
DA:92,0
DA:95,0
DA:96,0
DA:99,0
DA:108,1
DA:109,0
DA:110,0
DA:112,0
DA:114,0
DA:115,0
DA:116,0
DA:118,0
DA:119,0
DA:120,0
DA:121,0
DA:124,0
DA:125,0
DA:127,0
DA:136,1
DA:137,0
DA:138,0
DA:140,0
DA:142,0
DA:143,0
DA:145,0
DA:146,0
DA:147,0
DA:149,0
DA:150,0
DA:151,0
DA:153,0
DA:154,0
DA:155,0
DA:156,0
DA:158,0
DA:162,0
DA:164,0
DA:167,0
DA:170,0
DA:178,1
DA:179,0
DA:181,0
DA:189,1
DA:190,0
DA:192,0
DA:193,0
DA:194,0
DA:195,0
DA:197,0
DA:198,0
DA:199,0
DA:200,0
DA:203,0
DA:205,0
DA:207,0
DA:208,0
DA:210,0
DA:219,1
DA:220,0
DA:222,0
DA:224,0
DA:225,0
DA:226,0
DA:228,0
DA:230,0
DA:231,0
DA:233,0
DA:234,0
DA:235,0
DA:236,0
DA:239,0
DA:241,0
DA:242,0
DA:244,0
DA:245,0
DA:246,0
DA:247,0
DA:250,0
DA:251,0
DA:252,0
DA:253,0
DA:256,0
DA:259,0
DA:268,1
DA:269,0
DA:270,0
DA:271,0
DA:273,0
DA:274,0
LF:116
LH:12
BRDA:9,0,0,0
BRDA:9,0,1,0
BRDA:9,0,2,0
BRDA:9,0,3,0
BRDA:9,0,4,0
BRDA:9,0,5,0
BRDA:9,0,6,0
BRDA:9,0,7,0
BRDA:9,0,8,0
BRDA:9,0,9,0
BRDA:9,0,10,0
BRDA:9,0,11,0
BRDA:9,0,12,0
BRDA:9,0,13,0
BRDA:42,1,0,0
BRDA:42,1,1,0
BRDA:54,2,0,0
BRDA:54,2,1,0
BRDA:66,3,0,0
BRDA:66,3,1,0
BRDA:77,4,0,0
BRDA:77,4,1,0
BRDA:92,5,0,0
BRDA:92,5,1,0
BRDA:109,6,0,0
BRDA:109,6,1,0
BRDA:121,7,0,0
BRDA:121,7,1,0
BRDA:137,8,0,0
BRDA:137,8,1,0
BRDA:145,9,0,0
BRDA:145,9,1,0
BRDA:145,10,0,0
BRDA:145,10,1,0
BRDA:147,11,0,0
BRDA:147,11,1,0
BRDA:150,12,0,0
BRDA:150,12,1,0
BRDA:150,13,0,0
BRDA:150,13,1,0
BRDA:156,14,0,0
BRDA:156,14,1,0
BRDA:179,15,0,0
BRDA:179,15,1,0
BRDA:190,16,0,0
BRDA:190,16,1,0
BRDA:200,17,0,0
BRDA:200,17,1,0
BRDA:220,18,0,0
BRDA:220,18,1,0
BRDA:230,19,0,0
BRDA:230,19,1,0
BRDA:230,20,0,0
BRDA:230,20,1,0
BRDA:236,21,0,0
BRDA:236,21,1,0
BRDA:246,22,0,0
BRDA:246,22,1,0
BRDA:246,23,0,0
BRDA:246,23,1,0
BRDA:252,24,0,0
BRDA:252,24,1,0
BRDA:252,25,0,0
BRDA:252,25,1,0
BRDA:269,26,0,0
BRDA:269,26,1,0
BRF:66
BRH:0
end_of_record
TN:
SF:src\utils\mode.js
FNF:0
FNH:0
LF:0
LH:0
BRF:0
BRH:0
end_of_record
